\BOOKMARK [0][-]{chapter.1}{\376\377\0001\000\040\000N\000a\000m\000e\000s\000p\000a\000c\000e\000\040\000I\000n\000d\000e\000x}{}% 1
\BOOKMARK [1][-]{section.1.1}{\376\377\0001\000.\0001\000\040\000P\000a\000c\000k\000a\000g\000e\000s}{chapter.1}% 2
\BOOKMARK [0][-]{chapter.2}{\376\377\0002\000\040\000H\000i\000e\000r\000a\000r\000c\000h\000i\000c\000a\000l\000\040\000I\000n\000d\000e\000x}{}% 3
\BOOKMARK [1][-]{section.2.1}{\376\377\0002\000.\0001\000\040\000C\000l\000a\000s\000s\000\040\000H\000i\000e\000r\000a\000r\000c\000h\000y}{chapter.2}% 4
\BOOKMARK [0][-]{chapter.3}{\376\377\0003\000\040\000C\000l\000a\000s\000s\000\040\000I\000n\000d\000e\000x}{}% 5
\BOOKMARK [1][-]{section.3.1}{\376\377\0003\000.\0001\000\040\000C\000l\000a\000s\000s\000\040\000L\000i\000s\000t}{chapter.3}% 6
\BOOKMARK [0][-]{chapter.4}{\376\377\0004\000\040\000F\000i\000l\000e\000\040\000I\000n\000d\000e\000x}{}% 7
\BOOKMARK [1][-]{section.4.1}{\376\377\0004\000.\0001\000\040\000F\000i\000l\000e\000\040\000L\000i\000s\000t}{chapter.4}% 8
\BOOKMARK [0][-]{chapter.5}{\376\377\0005\000\040\000N\000a\000m\000e\000s\000p\000a\000c\000e\000\040\000D\000o\000c\000u\000m\000e\000n\000t\000a\000t\000i\000o\000n}{}% 9
\BOOKMARK [1][-]{section.5.1}{\376\377\0005\000.\0001\000\040\000P\000a\000c\000k\000a\000g\000e\000\040\000c\000o\000m\000.\000l\000o\000g\000i\000s\000t\000i\000c\000s\000.\000s\000n\000o\000w\000a\000p\000i\000.\000c\000o\000n\000f\000i\000g}{chapter.5}% 10
\BOOKMARK [1][-]{section.5.2}{\376\377\0005\000.\0002\000\040\000P\000a\000c\000k\000a\000g\000e\000\040\000c\000o\000m\000.\000l\000o\000g\000i\000s\000t\000i\000c\000s\000.\000s\000n\000o\000w\000a\000p\000i\000.\000c\000o\000n\000t\000r\000o\000l\000l\000e\000r}{chapter.5}% 11
\BOOKMARK [1][-]{section.5.3}{\376\377\0005\000.\0003\000\040\000P\000a\000c\000k\000a\000g\000e\000\040\000c\000o\000m\000.\000l\000o\000g\000i\000s\000t\000i\000c\000s\000.\000s\000n\000o\000w\000a\000p\000i\000.\000g\000e\000o\000j\000s\000o\000n\000r\000e\000s\000p\000o\000n\000s\000e}{chapter.5}% 12
\BOOKMARK [1][-]{section.5.4}{\376\377\0005\000.\0004\000\040\000P\000a\000c\000k\000a\000g\000e\000\040\000c\000o\000m\000.\000l\000o\000g\000i\000s\000t\000i\000c\000s\000.\000s\000n\000o\000w\000a\000p\000i\000.\000m\000o\000d\000e\000l}{chapter.5}% 13
\BOOKMARK [1][-]{section.5.5}{\376\377\0005\000.\0005\000\040\000P\000a\000c\000k\000a\000g\000e\000\040\000c\000o\000m\000.\000l\000o\000g\000i\000s\000t\000i\000c\000s\000.\000s\000n\000o\000w\000a\000p\000i\000.\000r\000e\000p\000o\000s\000i\000t\000o\000r\000y}{chapter.5}% 14
\BOOKMARK [1][-]{section.5.6}{\376\377\0005\000.\0006\000\040\000P\000a\000c\000k\000a\000g\000e\000\040\000c\000o\000m\000.\000l\000o\000g\000i\000s\000t\000i\000c\000s\000.\000s\000n\000o\000w\000a\000p\000i\000.\000s\000e\000r\000v\000i\000c\000e}{chapter.5}% 15
\BOOKMARK [1][-]{section.5.7}{\376\377\0005\000.\0007\000\040\000P\000a\000c\000k\000a\000g\000e\000\040\000c\000o\000m\000.\000l\000o\000g\000i\000s\000t\000i\000c\000s\000.\000s\000n\000o\000w\000a\000p\000i\000.\000u\000g\000c\000z\000o\000n\000e\000r\000e\000s\000p\000o\000n\000s\000e}{chapter.5}% 16
\BOOKMARK [0][-]{chapter.6}{\376\377\0006\000\040\000C\000l\000a\000s\000s\000\040\000D\000o\000c\000u\000m\000e\000n\000t\000a\000t\000i\000o\000n}{}% 17
\BOOKMARK [1][-]{section.6.1}{\376\377\0006\000.\0001\000\040\000c\000o\000m\000.\000l\000o\000g\000i\000s\000t\000i\000c\000s\000.\000s\000n\000o\000w\000a\000p\000i\000.\000m\000o\000d\000e\000l\000.\000A\000l\000e\000r\000t\000\040\000C\000l\000a\000s\000s\000\040\000R\000e\000f\000e\000r\000e\000n\000c\000e}{chapter.6}% 18
\BOOKMARK [2][-]{subsection.6.1.1}{\376\377\0006\000.\0001\000.\0001\000\040\000D\000e\000t\000a\000i\000l\000e\000d\000\040\000D\000e\000s\000c\000r\000i\000p\000t\000i\000o\000n}{section.6.1}% 19
\BOOKMARK [1][-]{section.6.2}{\376\377\0006\000.\0002\000\040\000c\000o\000m\000.\000l\000o\000g\000i\000s\000t\000i\000c\000s\000.\000s\000n\000o\000w\000a\000p\000i\000.\000c\000o\000n\000t\000r\000o\000l\000l\000e\000r\000.\000A\000l\000e\000r\000t\000C\000o\000n\000t\000r\000o\000l\000l\000e\000r\000\040\000C\000l\000a\000s\000s\000\040\000R\000e\000f\000e\000r\000e\000n\000c\000e}{chapter.6}% 20
\BOOKMARK [2][-]{subsection.6.2.1}{\376\377\0006\000.\0002\000.\0001\000\040\000D\000e\000t\000a\000i\000l\000e\000d\000\040\000D\000e\000s\000c\000r\000i\000p\000t\000i\000o\000n}{section.6.2}% 21
\BOOKMARK [2][-]{subsection.6.2.2}{\376\377\0006\000.\0002\000.\0002\000\040\000C\000o\000n\000s\000t\000r\000u\000c\000t\000o\000r\000\040\000\046\000\040\000D\000e\000s\000t\000r\000u\000c\000t\000o\000r\000\040\000D\000o\000c\000u\000m\000e\000n\000t\000a\000t\000i\000o\000n}{section.6.2}% 22
\BOOKMARK [3][-]{subsubsection.6.2.2.1}{\376\377\0006\000.\0002\000.\0002\000.\0001\000\040\000A\000l\000e\000r\000t\000C\000o\000n\000t\000r\000o\000l\000l\000e\000r\000\050\000\051}{subsection.6.2.2}% 23
\BOOKMARK [2][-]{subsection.6.2.3}{\376\377\0006\000.\0002\000.\0003\000\040\000M\000e\000m\000b\000e\000r\000\040\000F\000u\000n\000c\000t\000i\000o\000n\000\040\000D\000o\000c\000u\000m\000e\000n\000t\000a\000t\000i\000o\000n}{section.6.2}% 24
\BOOKMARK [3][-]{subsubsection.6.2.3.1}{\376\377\0006\000.\0002\000.\0003\000.\0001\000\040\000c\000r\000e\000a\000t\000e\000A\000l\000e\000r\000t\000\050\000\051}{subsection.6.2.3}% 25
\BOOKMARK [3][-]{subsubsection.6.2.3.2}{\376\377\0006\000.\0002\000.\0003\000.\0002\000\040\000d\000e\000l\000e\000t\000e\000A\000l\000e\000r\000t\000\050\000\051}{subsection.6.2.3}% 26
\BOOKMARK [3][-]{subsubsection.6.2.3.3}{\376\377\0006\000.\0002\000.\0003\000.\0003\000\040\000g\000e\000t\000A\000l\000e\000r\000t\000B\000y\000I\000d\000\050\000\051}{subsection.6.2.3}% 27
\BOOKMARK [3][-]{subsubsection.6.2.3.4}{\376\377\0006\000.\0002\000.\0003\000.\0004\000\040\000g\000e\000t\000A\000l\000l\000A\000l\000e\000r\000t\000s\000\050\000\051}{subsection.6.2.3}% 28
\BOOKMARK [3][-]{subsubsection.6.2.3.5}{\376\377\0006\000.\0002\000.\0003\000.\0005\000\040\000u\000p\000d\000a\000t\000e\000A\000l\000e\000r\000t\000\050\000\051}{subsection.6.2.3}% 29
\BOOKMARK [1][-]{section.6.3}{\376\377\0006\000.\0003\000\040\000c\000o\000m\000.\000l\000o\000g\000i\000s\000t\000i\000c\000s\000.\000s\000n\000o\000w\000a\000p\000i\000.\000r\000e\000p\000o\000s\000i\000t\000o\000r\000y\000.\000A\000l\000e\000r\000t\000R\000e\000p\000o\000s\000i\000t\000o\000r\000y\000\040\000I\000n\000t\000e\000r\000f\000a\000c\000e\000\040\000R\000e\000f\000e\000r\000e\000n\000c\000e}{chapter.6}% 30
\BOOKMARK [2][-]{subsection.6.3.1}{\376\377\0006\000.\0003\000.\0001\000\040\000D\000e\000t\000a\000i\000l\000e\000d\000\040\000D\000e\000s\000c\000r\000i\000p\000t\000i\000o\000n}{section.6.3}% 31
\BOOKMARK [2][-]{subsection.6.3.2}{\376\377\0006\000.\0003\000.\0002\000\040\000M\000e\000m\000b\000e\000r\000\040\000F\000u\000n\000c\000t\000i\000o\000n\000\040\000D\000o\000c\000u\000m\000e\000n\000t\000a\000t\000i\000o\000n}{section.6.3}% 32
\BOOKMARK [3][-]{subsubsection.6.3.2.1}{\376\377\0006\000.\0003\000.\0002\000.\0001\000\040\000e\000x\000i\000s\000t\000s\000B\000y\000N\000w\000s\000I\000D\000\050\000\051}{subsection.6.3.2}% 33
\BOOKMARK [1][-]{section.6.4}{\376\377\0006\000.\0004\000\040\000c\000o\000m\000.\000l\000o\000g\000i\000s\000t\000i\000c\000s\000.\000s\000n\000o\000w\000a\000p\000i\000.\000s\000e\000r\000v\000i\000c\000e\000.\000A\000l\000e\000r\000t\000S\000e\000r\000v\000i\000c\000e\000\040\000C\000l\000a\000s\000s\000\040\000R\000e\000f\000e\000r\000e\000n\000c\000e}{chapter.6}% 34
\BOOKMARK [2][-]{subsection.6.4.1}{\376\377\0006\000.\0004\000.\0001\000\040\000D\000e\000t\000a\000i\000l\000e\000d\000\040\000D\000e\000s\000c\000r\000i\000p\000t\000i\000o\000n}{section.6.4}% 35
\BOOKMARK [2][-]{subsection.6.4.2}{\376\377\0006\000.\0004\000.\0002\000\040\000C\000o\000n\000s\000t\000r\000u\000c\000t\000o\000r\000\040\000\046\000\040\000D\000e\000s\000t\000r\000u\000c\000t\000o\000r\000\040\000D\000o\000c\000u\000m\000e\000n\000t\000a\000t\000i\000o\000n}{section.6.4}% 36
\BOOKMARK [3][-]{subsubsection.6.4.2.1}{\376\377\0006\000.\0004\000.\0002\000.\0001\000\040\000A\000l\000e\000r\000t\000S\000e\000r\000v\000i\000c\000e\000\050\000\051}{subsection.6.4.2}% 37
\BOOKMARK [2][-]{subsection.6.4.3}{\376\377\0006\000.\0004\000.\0003\000\040\000M\000e\000m\000b\000e\000r\000\040\000F\000u\000n\000c\000t\000i\000o\000n\000\040\000D\000o\000c\000u\000m\000e\000n\000t\000a\000t\000i\000o\000n}{section.6.4}% 38
\BOOKMARK [3][-]{subsubsection.6.4.3.1}{\376\377\0006\000.\0004\000.\0003\000.\0001\000\040\000c\000r\000e\000a\000t\000e\000A\000l\000e\000r\000t\000\050\000\051}{subsection.6.4.3}% 39
\BOOKMARK [3][-]{subsubsection.6.4.3.2}{\376\377\0006\000.\0004\000.\0003\000.\0002\000\040\000d\000e\000l\000e\000t\000e\000A\000l\000e\000r\000t\000\050\000\051}{subsection.6.4.3}% 40
\BOOKMARK [3][-]{subsubsection.6.4.3.3}{\376\377\0006\000.\0004\000.\0003\000.\0003\000\040\000f\000i\000n\000d\000A\000l\000e\000r\000t\000B\000y\000I\000d\000\050\000\051}{subsection.6.4.3}% 41
\BOOKMARK [3][-]{subsubsection.6.4.3.4}{\376\377\0006\000.\0004\000.\0003\000.\0004\000\040\000f\000i\000n\000d\000A\000l\000l\000A\000l\000e\000r\000t\000s\000\050\000\051}{subsection.6.4.3}% 42
\BOOKMARK [3][-]{subsubsection.6.4.3.5}{\376\377\0006\000.\0004\000.\0003\000.\0005\000\040\000u\000p\000d\000a\000t\000e\000A\000l\000e\000r\000t\000\050\000\051}{subsection.6.4.3}% 43
\BOOKMARK [1][-]{section.6.5}{\376\377\0006\000.\0005\000\040\000c\000o\000m\000.\000l\000o\000g\000i\000s\000t\000i\000c\000s\000.\000s\000n\000o\000w\000a\000p\000i\000.\000m\000o\000d\000e\000l\000.\000B\000o\000u\000n\000d\000a\000r\000y\000\040\000C\000l\000a\000s\000s\000\040\000R\000e\000f\000e\000r\000e\000n\000c\000e}{chapter.6}% 44
\BOOKMARK [2][-]{subsection.6.5.1}{\376\377\0006\000.\0005\000.\0001\000\040\000D\000e\000t\000a\000i\000l\000e\000d\000\040\000D\000e\000s\000c\000r\000i\000p\000t\000i\000o\000n}{section.6.5}% 45
\BOOKMARK [1][-]{section.6.6}{\376\377\0006\000.\0006\000\040\000c\000o\000m\000.\000l\000o\000g\000i\000s\000t\000i\000c\000s\000.\000s\000n\000o\000w\000a\000p\000i\000.\000c\000o\000n\000t\000r\000o\000l\000l\000e\000r\000.\000B\000o\000u\000n\000d\000a\000r\000y\000C\000o\000n\000t\000r\000o\000l\000l\000e\000r\000\040\000C\000l\000a\000s\000s\000\040\000R\000e\000f\000e\000r\000e\000n\000c\000e}{chapter.6}% 46
\BOOKMARK [2][-]{subsection.6.6.1}{\376\377\0006\000.\0006\000.\0001\000\040\000D\000e\000t\000a\000i\000l\000e\000d\000\040\000D\000e\000s\000c\000r\000i\000p\000t\000i\000o\000n}{section.6.6}% 47
\BOOKMARK [2][-]{subsection.6.6.2}{\376\377\0006\000.\0006\000.\0002\000\040\000C\000o\000n\000s\000t\000r\000u\000c\000t\000o\000r\000\040\000\046\000\040\000D\000e\000s\000t\000r\000u\000c\000t\000o\000r\000\040\000D\000o\000c\000u\000m\000e\000n\000t\000a\000t\000i\000o\000n}{section.6.6}% 48
\BOOKMARK [3][-]{subsubsection.6.6.2.1}{\376\377\0006\000.\0006\000.\0002\000.\0001\000\040\000B\000o\000u\000n\000d\000a\000r\000y\000C\000o\000n\000t\000r\000o\000l\000l\000e\000r\000\050\000\051}{subsection.6.6.2}% 49
\BOOKMARK [2][-]{subsection.6.6.3}{\376\377\0006\000.\0006\000.\0003\000\040\000M\000e\000m\000b\000e\000r\000\040\000F\000u\000n\000c\000t\000i\000o\000n\000\040\000D\000o\000c\000u\000m\000e\000n\000t\000a\000t\000i\000o\000n}{section.6.6}% 50
\BOOKMARK [3][-]{subsubsection.6.6.3.1}{\376\377\0006\000.\0006\000.\0003\000.\0001\000\040\000c\000r\000e\000a\000t\000e\000B\000o\000u\000n\000d\000a\000r\000y\000\050\000\051}{subsection.6.6.3}% 51
\BOOKMARK [3][-]{subsubsection.6.6.3.2}{\376\377\0006\000.\0006\000.\0003\000.\0002\000\040\000d\000e\000l\000e\000t\000e\000B\000o\000u\000n\000d\000a\000r\000y\000\050\000\051}{subsection.6.6.3}% 52
\BOOKMARK [3][-]{subsubsection.6.6.3.3}{\376\377\0006\000.\0006\000.\0003\000.\0003\000\040\000g\000e\000t\000A\000l\000l\000B\000o\000u\000n\000d\000a\000r\000i\000e\000s\000\050\000\051}{subsection.6.6.3}% 53
\BOOKMARK [3][-]{subsubsection.6.6.3.4}{\376\377\0006\000.\0006\000.\0003\000.\0004\000\040\000g\000e\000t\000B\000o\000u\000n\000d\000a\000r\000y\000B\000y\000I\000d\000\050\000\051}{subsection.6.6.3}% 54
\BOOKMARK [3][-]{subsubsection.6.6.3.5}{\376\377\0006\000.\0006\000.\0003\000.\0005\000\040\000u\000p\000d\000a\000t\000e\000B\000o\000u\000n\000d\000a\000r\000y\000\050\000\051}{subsection.6.6.3}% 55
\BOOKMARK [1][-]{section.6.7}{\376\377\0006\000.\0007\000\040\000c\000o\000m\000.\000l\000o\000g\000i\000s\000t\000i\000c\000s\000.\000s\000n\000o\000w\000a\000p\000i\000.\000r\000e\000p\000o\000s\000i\000t\000o\000r\000y\000.\000B\000o\000u\000n\000d\000a\000r\000y\000R\000e\000p\000o\000s\000i\000t\000o\000r\000y\000\040\000I\000n\000t\000e\000r\000f\000a\000c\000e\000\040\000R\000e\000f\000e\000r\000e\000n\000c\000e}{chapter.6}% 56
\BOOKMARK [2][-]{subsection.6.7.1}{\376\377\0006\000.\0007\000.\0001\000\040\000D\000e\000t\000a\000i\000l\000e\000d\000\040\000D\000e\000s\000c\000r\000i\000p\000t\000i\000o\000n}{section.6.7}% 57
\BOOKMARK [1][-]{section.6.8}{\376\377\0006\000.\0008\000\040\000c\000o\000m\000.\000l\000o\000g\000i\000s\000t\000i\000c\000s\000.\000s\000n\000o\000w\000a\000p\000i\000.\000s\000e\000r\000v\000i\000c\000e\000.\000B\000o\000u\000n\000d\000a\000r\000y\000S\000e\000r\000v\000i\000c\000e\000\040\000C\000l\000a\000s\000s\000\040\000R\000e\000f\000e\000r\000e\000n\000c\000e}{chapter.6}% 58
\BOOKMARK [2][-]{subsection.6.8.1}{\376\377\0006\000.\0008\000.\0001\000\040\000D\000e\000t\000a\000i\000l\000e\000d\000\040\000D\000e\000s\000c\000r\000i\000p\000t\000i\000o\000n}{section.6.8}% 59
\BOOKMARK [2][-]{subsection.6.8.2}{\376\377\0006\000.\0008\000.\0002\000\040\000C\000o\000n\000s\000t\000r\000u\000c\000t\000o\000r\000\040\000\046\000\040\000D\000e\000s\000t\000r\000u\000c\000t\000o\000r\000\040\000D\000o\000c\000u\000m\000e\000n\000t\000a\000t\000i\000o\000n}{section.6.8}% 60
\BOOKMARK [3][-]{subsubsection.6.8.2.1}{\376\377\0006\000.\0008\000.\0002\000.\0001\000\040\000B\000o\000u\000n\000d\000a\000r\000y\000S\000e\000r\000v\000i\000c\000e\000\050\000\051}{subsection.6.8.2}% 61
\BOOKMARK [2][-]{subsection.6.8.3}{\376\377\0006\000.\0008\000.\0003\000\040\000M\000e\000m\000b\000e\000r\000\040\000F\000u\000n\000c\000t\000i\000o\000n\000\040\000D\000o\000c\000u\000m\000e\000n\000t\000a\000t\000i\000o\000n}{section.6.8}% 62
\BOOKMARK [3][-]{subsubsection.6.8.3.1}{\376\377\0006\000.\0008\000.\0003\000.\0001\000\040\000c\000r\000e\000a\000t\000e\000B\000o\000u\000n\000d\000a\000r\000y\000\050\000\051}{subsection.6.8.3}% 63
\BOOKMARK [3][-]{subsubsection.6.8.3.2}{\376\377\0006\000.\0008\000.\0003\000.\0002\000\040\000d\000e\000l\000e\000t\000e\000B\000o\000u\000n\000d\000a\000r\000y\000\050\000\051}{subsection.6.8.3}% 64
\BOOKMARK [3][-]{subsubsection.6.8.3.3}{\376\377\0006\000.\0008\000.\0003\000.\0003\000\040\000f\000i\000n\000d\000A\000l\000l\000B\000o\000u\000n\000d\000a\000r\000i\000e\000s\000\050\000\051}{subsection.6.8.3}% 65
\BOOKMARK [3][-]{subsubsection.6.8.3.4}{\376\377\0006\000.\0008\000.\0003\000.\0004\000\040\000f\000i\000n\000d\000B\000o\000u\000n\000d\000a\000r\000y\000B\000y\000I\000d\000\050\000\051}{subsection.6.8.3}% 66
\BOOKMARK [3][-]{subsubsection.6.8.3.5}{\376\377\0006\000.\0008\000.\0003\000.\0005\000\040\000u\000p\000d\000a\000t\000e\000B\000o\000u\000n\000d\000a\000r\000y\000\050\000\051}{subsection.6.8.3}% 67
\BOOKMARK [1][-]{section.6.9}{\376\377\0006\000.\0009\000\040\000c\000o\000m\000.\000l\000o\000g\000i\000s\000t\000i\000c\000s\000.\000s\000n\000o\000w\000a\000p\000i\000.\000g\000e\000o\000j\000s\000o\000n\000r\000e\000s\000p\000o\000n\000s\000e\000.\000F\000e\000a\000t\000u\000r\000e\000\040\000C\000l\000a\000s\000s\000\040\000R\000e\000f\000e\000r\000e\000n\000c\000e}{chapter.6}% 68
\BOOKMARK [2][-]{subsection.6.9.1}{\376\377\0006\000.\0009\000.\0001\000\040\000D\000e\000t\000a\000i\000l\000e\000d\000\040\000D\000e\000s\000c\000r\000i\000p\000t\000i\000o\000n}{section.6.9}% 69
\BOOKMARK [2][-]{subsection.6.9.2}{\376\377\0006\000.\0009\000.\0002\000\040\000M\000e\000m\000b\000e\000r\000\040\000F\000u\000n\000c\000t\000i\000o\000n\000\040\000D\000o\000c\000u\000m\000e\000n\000t\000a\000t\000i\000o\000n}{section.6.9}% 70
\BOOKMARK [3][-]{subsubsection.6.9.2.1}{\376\377\0006\000.\0009\000.\0002\000.\0001\000\040\000g\000e\000t\000F\000e\000a\000t\000u\000r\000e\000A\000s\000A\000l\000e\000r\000t\000\050\000\051}{subsection.6.9.2}% 71
\BOOKMARK [3][-]{subsubsection.6.9.2.2}{\376\377\0006\000.\0009\000.\0002\000.\0002\000\040\000t\000o\000S\000t\000r\000i\000n\000g\000\050\000\051}{subsection.6.9.2}% 72
\BOOKMARK [1][-]{section.6.10}{\376\377\0006\000.\0001\0000\000\040\000c\000o\000m\000.\000l\000o\000g\000i\000s\000t\000i\000c\000s\000.\000s\000n\000o\000w\000a\000p\000i\000.\000g\000e\000o\000j\000s\000o\000n\000r\000e\000s\000p\000o\000n\000s\000e\000.\000F\000e\000a\000t\000u\000r\000e\000P\000r\000o\000p\000e\000r\000t\000i\000e\000s\000\040\000C\000l\000a\000s\000s\000\040\000R\000e\000f\000e\000r\000e\000n\000c\000e}{chapter.6}% 73
\BOOKMARK [2][-]{subsection.6.10.1}{\376\377\0006\000.\0001\0000\000.\0001\000\040\000D\000e\000t\000a\000i\000l\000e\000d\000\040\000D\000e\000s\000c\000r\000i\000p\000t\000i\000o\000n}{section.6.10}% 74
\BOOKMARK [1][-]{section.6.11}{\376\377\0006\000.\0001\0001\000\040\000c\000o\000m\000.\000l\000o\000g\000i\000s\000t\000i\000c\000s\000.\000s\000n\000o\000w\000a\000p\000i\000.\000g\000e\000o\000j\000s\000o\000n\000r\000e\000s\000p\000o\000n\000s\000e\000.\000G\000e\000o\000J\000s\000o\000n\000R\000e\000s\000p\000o\000n\000s\000e\000\040\000C\000l\000a\000s\000s\000\040\000R\000e\000f\000e\000r\000e\000n\000c\000e}{chapter.6}% 75
\BOOKMARK [2][-]{subsection.6.11.1}{\376\377\0006\000.\0001\0001\000.\0001\000\040\000D\000e\000t\000a\000i\000l\000e\000d\000\040\000D\000e\000s\000c\000r\000i\000p\000t\000i\000o\000n}{section.6.11}% 76
\BOOKMARK [1][-]{section.6.12}{\376\377\0006\000.\0001\0002\000\040\000c\000o\000m\000.\000l\000o\000g\000i\000s\000t\000i\000c\000s\000.\000s\000n\000o\000w\000a\000p\000i\000.\000c\000o\000n\000t\000r\000o\000l\000l\000e\000r\000.\000h\000e\000l\000l\000o\000W\000o\000r\000l\000d\000\040\000C\000l\000a\000s\000s\000\040\000R\000e\000f\000e\000r\000e\000n\000c\000e}{chapter.6}% 77
\BOOKMARK [2][-]{subsection.6.12.1}{\376\377\0006\000.\0001\0002\000.\0001\000\040\000D\000e\000t\000a\000i\000l\000e\000d\000\040\000D\000e\000s\000c\000r\000i\000p\000t\000i\000o\000n}{section.6.12}% 78
\BOOKMARK [2][-]{subsection.6.12.2}{\376\377\0006\000.\0001\0002\000.\0002\000\040\000M\000e\000m\000b\000e\000r\000\040\000F\000u\000n\000c\000t\000i\000o\000n\000\040\000D\000o\000c\000u\000m\000e\000n\000t\000a\000t\000i\000o\000n}{section.6.12}% 79
\BOOKMARK [3][-]{subsubsection.6.12.2.1}{\376\377\0006\000.\0001\0002\000.\0002\000.\0001\000\040\000s\000a\000y\000H\000e\000l\000l\000o\000\050\000\051}{subsection.6.12.2}% 80
\BOOKMARK [1][-]{section.6.13}{\376\377\0006\000.\0001\0003\000\040\000c\000o\000m\000.\000l\000o\000g\000i\000s\000t\000i\000c\000s\000.\000s\000n\000o\000w\000a\000p\000i\000.\000s\000e\000r\000v\000i\000c\000e\000.\000N\000W\000S\000D\000a\000t\000a\000S\000e\000r\000v\000i\000c\000e\000\040\000C\000l\000a\000s\000s\000\040\000R\000e\000f\000e\000r\000e\000n\000c\000e}{chapter.6}% 81
\BOOKMARK [2][-]{subsection.6.13.1}{\376\377\0006\000.\0001\0003\000.\0001\000\040\000D\000e\000t\000a\000i\000l\000e\000d\000\040\000D\000e\000s\000c\000r\000i\000p\000t\000i\000o\000n}{section.6.13}% 82
\BOOKMARK [2][-]{subsection.6.13.2}{\376\377\0006\000.\0001\0003\000.\0002\000\040\000C\000o\000n\000s\000t\000r\000u\000c\000t\000o\000r\000\040\000\046\000\040\000D\000e\000s\000t\000r\000u\000c\000t\000o\000r\000\040\000D\000o\000c\000u\000m\000e\000n\000t\000a\000t\000i\000o\000n}{section.6.13}% 83
\BOOKMARK [3][-]{subsubsection.6.13.2.1}{\376\377\0006\000.\0001\0003\000.\0002\000.\0001\000\040\000N\000W\000S\000D\000a\000t\000a\000S\000e\000r\000v\000i\000c\000e\000\050\000\051}{subsection.6.13.2}% 84
\BOOKMARK [2][-]{subsection.6.13.3}{\376\377\0006\000.\0001\0003\000.\0003\000\040\000M\000e\000m\000b\000e\000r\000\040\000F\000u\000n\000c\000t\000i\000o\000n\000\040\000D\000o\000c\000u\000m\000e\000n\000t\000a\000t\000i\000o\000n}{section.6.13}% 85
\BOOKMARK [3][-]{subsubsection.6.13.3.1}{\376\377\0006\000.\0001\0003\000.\0003\000.\0001\000\040\000f\000e\000t\000c\000h\000W\000e\000a\000t\000h\000e\000r\000D\000a\000t\000a\000\050\000\051}{subsection.6.13.3}% 86
\BOOKMARK [1][-]{section.6.14}{\376\377\0006\000.\0001\0004\000\040\000c\000o\000m\000.\000l\000o\000g\000i\000s\000t\000i\000c\000s\000.\000s\000n\000o\000w\000a\000p\000i\000.\000S\000e\000r\000v\000l\000e\000t\000I\000n\000i\000t\000i\000a\000l\000i\000z\000e\000r\000\040\000C\000l\000a\000s\000s\000\040\000R\000e\000f\000e\000r\000e\000n\000c\000e}{chapter.6}% 87
\BOOKMARK [1][-]{section.6.15}{\376\377\0006\000.\0001\0005\000\040\000c\000o\000m\000.\000l\000o\000g\000i\000s\000t\000i\000c\000s\000.\000s\000n\000o\000w\000a\000p\000i\000.\000S\000n\000o\000w\000A\000p\000i\000A\000p\000p\000l\000i\000c\000a\000t\000i\000o\000n\000\040\000C\000l\000a\000s\000s\000\040\000R\000e\000f\000e\000r\000e\000n\000c\000e}{chapter.6}% 88
\BOOKMARK [2][-]{subsection.6.15.1}{\376\377\0006\000.\0001\0005\000.\0001\000\040\000D\000e\000t\000a\000i\000l\000e\000d\000\040\000D\000e\000s\000c\000r\000i\000p\000t\000i\000o\000n}{section.6.15}% 89
\BOOKMARK [2][-]{subsection.6.15.2}{\376\377\0006\000.\0001\0005\000.\0002\000\040\000M\000e\000m\000b\000e\000r\000\040\000F\000u\000n\000c\000t\000i\000o\000n\000\040\000D\000o\000c\000u\000m\000e\000n\000t\000a\000t\000i\000o\000n}{section.6.15}% 90
\BOOKMARK [3][-]{subsubsection.6.15.2.1}{\376\377\0006\000.\0001\0005\000.\0002\000.\0001\000\040\000m\000a\000i\000n\000\050\000\051}{subsection.6.15.2}% 91
\BOOKMARK [1][-]{section.6.16}{\376\377\0006\000.\0001\0006\000\040\000c\000o\000m\000.\000l\000o\000g\000i\000s\000t\000i\000c\000s\000.\000s\000n\000o\000w\000a\000p\000i\000.\000m\000o\000d\000e\000l\000.\000S\000n\000o\000w\000U\000s\000e\000r\000\040\000C\000l\000a\000s\000s\000\040\000R\000e\000f\000e\000r\000e\000n\000c\000e}{chapter.6}% 92
\BOOKMARK [2][-]{subsection.6.16.1}{\376\377\0006\000.\0001\0006\000.\0001\000\040\000D\000e\000t\000a\000i\000l\000e\000d\000\040\000D\000e\000s\000c\000r\000i\000p\000t\000i\000o\000n}{section.6.16}% 93
\BOOKMARK [1][-]{section.6.17}{\376\377\0006\000.\0001\0007\000\040\000c\000o\000m\000.\000l\000o\000g\000i\000s\000t\000i\000c\000s\000.\000s\000n\000o\000w\000a\000p\000i\000.\000c\000o\000n\000t\000r\000o\000l\000l\000e\000r\000.\000S\000n\000o\000w\000U\000s\000e\000r\000C\000o\000n\000t\000r\000o\000l\000l\000e\000r\000\040\000C\000l\000a\000s\000s\000\040\000R\000e\000f\000e\000r\000e\000n\000c\000e}{chapter.6}% 94
\BOOKMARK [2][-]{subsection.6.17.1}{\376\377\0006\000.\0001\0007\000.\0001\000\040\000D\000e\000t\000a\000i\000l\000e\000d\000\040\000D\000e\000s\000c\000r\000i\000p\000t\000i\000o\000n}{section.6.17}% 95
\BOOKMARK [2][-]{subsection.6.17.2}{\376\377\0006\000.\0001\0007\000.\0002\000\040\000C\000o\000n\000s\000t\000r\000u\000c\000t\000o\000r\000\040\000\046\000\040\000D\000e\000s\000t\000r\000u\000c\000t\000o\000r\000\040\000D\000o\000c\000u\000m\000e\000n\000t\000a\000t\000i\000o\000n}{section.6.17}% 96
\BOOKMARK [3][-]{subsubsection.6.17.2.1}{\376\377\0006\000.\0001\0007\000.\0002\000.\0001\000\040\000S\000n\000o\000w\000U\000s\000e\000r\000C\000o\000n\000t\000r\000o\000l\000l\000e\000r\000\050\000\051}{subsection.6.17.2}% 97
\BOOKMARK [2][-]{subsection.6.17.3}{\376\377\0006\000.\0001\0007\000.\0003\000\040\000M\000e\000m\000b\000e\000r\000\040\000F\000u\000n\000c\000t\000i\000o\000n\000\040\000D\000o\000c\000u\000m\000e\000n\000t\000a\000t\000i\000o\000n}{section.6.17}% 98
\BOOKMARK [3][-]{subsubsection.6.17.3.1}{\376\377\0006\000.\0001\0007\000.\0003\000.\0001\000\040\000c\000r\000e\000a\000t\000e\000U\000s\000e\000r\000\050\000\051}{subsection.6.17.3}% 99
\BOOKMARK [3][-]{subsubsection.6.17.3.2}{\376\377\0006\000.\0001\0007\000.\0003\000.\0002\000\040\000d\000e\000l\000e\000t\000e\000U\000s\000e\000r\000\050\000\051}{subsection.6.17.3}% 100
\BOOKMARK [3][-]{subsubsection.6.17.3.3}{\376\377\0006\000.\0001\0007\000.\0003\000.\0003\000\040\000g\000e\000t\000A\000l\000l\000U\000s\000e\000r\000s\000\050\000\051}{subsection.6.17.3}% 101
\BOOKMARK [3][-]{subsubsection.6.17.3.4}{\376\377\0006\000.\0001\0007\000.\0003\000.\0004\000\040\000g\000e\000t\000U\000s\000e\000r\000B\000y\000I\000d\000\050\000\051}{subsection.6.17.3}% 102
\BOOKMARK [3][-]{subsubsection.6.17.3.5}{\376\377\0006\000.\0001\0007\000.\0003\000.\0005\000\040\000u\000p\000d\000a\000t\000e\000U\000s\000e\000r\000\050\000\051}{subsection.6.17.3}% 103
\BOOKMARK [1][-]{section.6.18}{\376\377\0006\000.\0001\0008\000\040\000c\000o\000m\000.\000l\000o\000g\000i\000s\000t\000i\000c\000s\000.\000s\000n\000o\000w\000a\000p\000i\000.\000r\000e\000p\000o\000s\000i\000t\000o\000r\000y\000.\000S\000n\000o\000w\000U\000s\000e\000r\000R\000e\000p\000o\000s\000i\000t\000o\000r\000y\000\040\000I\000n\000t\000e\000r\000f\000a\000c\000e\000\040\000R\000e\000f\000e\000r\000e\000n\000c\000e}{chapter.6}% 104
\BOOKMARK [2][-]{subsection.6.18.1}{\376\377\0006\000.\0001\0008\000.\0001\000\040\000D\000e\000t\000a\000i\000l\000e\000d\000\040\000D\000e\000s\000c\000r\000i\000p\000t\000i\000o\000n}{section.6.18}% 105
\BOOKMARK [1][-]{section.6.19}{\376\377\0006\000.\0001\0009\000\040\000c\000o\000m\000.\000l\000o\000g\000i\000s\000t\000i\000c\000s\000.\000s\000n\000o\000w\000a\000p\000i\000.\000s\000e\000r\000v\000i\000c\000e\000.\000S\000n\000o\000w\000U\000s\000e\000r\000S\000e\000r\000v\000i\000c\000e\000\040\000C\000l\000a\000s\000s\000\040\000R\000e\000f\000e\000r\000e\000n\000c\000e}{chapter.6}% 106
\BOOKMARK [2][-]{subsection.6.19.1}{\376\377\0006\000.\0001\0009\000.\0001\000\040\000D\000e\000t\000a\000i\000l\000e\000d\000\040\000D\000e\000s\000c\000r\000i\000p\000t\000i\000o\000n}{section.6.19}% 107
\BOOKMARK [2][-]{subsection.6.19.2}{\376\377\0006\000.\0001\0009\000.\0002\000\040\000C\000o\000n\000s\000t\000r\000u\000c\000t\000o\000r\000\040\000\046\000\040\000D\000e\000s\000t\000r\000u\000c\000t\000o\000r\000\040\000D\000o\000c\000u\000m\000e\000n\000t\000a\000t\000i\000o\000n}{section.6.19}% 108
\BOOKMARK [3][-]{subsubsection.6.19.2.1}{\376\377\0006\000.\0001\0009\000.\0002\000.\0001\000\040\000S\000n\000o\000w\000U\000s\000e\000r\000S\000e\000r\000v\000i\000c\000e\000\050\000\051}{subsection.6.19.2}% 109
\BOOKMARK [2][-]{subsection.6.19.3}{\376\377\0006\000.\0001\0009\000.\0003\000\040\000M\000e\000m\000b\000e\000r\000\040\000F\000u\000n\000c\000t\000i\000o\000n\000\040\000D\000o\000c\000u\000m\000e\000n\000t\000a\000t\000i\000o\000n}{section.6.19}% 110
\BOOKMARK [3][-]{subsubsection.6.19.3.1}{\376\377\0006\000.\0001\0009\000.\0003\000.\0001\000\040\000c\000r\000e\000a\000t\000e\000U\000s\000e\000r\000\050\000\051}{subsection.6.19.3}% 111
\BOOKMARK [3][-]{subsubsection.6.19.3.2}{\376\377\0006\000.\0001\0009\000.\0003\000.\0002\000\040\000d\000e\000l\000e\000t\000e\000U\000s\000e\000r\000\050\000\051}{subsection.6.19.3}% 112
\BOOKMARK [3][-]{subsubsection.6.19.3.3}{\376\377\0006\000.\0001\0009\000.\0003\000.\0003\000\040\000f\000i\000n\000d\000A\000l\000l\000U\000s\000e\000r\000s\000\050\000\051}{subsection.6.19.3}% 113
\BOOKMARK [3][-]{subsubsection.6.19.3.4}{\376\377\0006\000.\0001\0009\000.\0003\000.\0004\000\040\000f\000i\000n\000d\000U\000s\000e\000r\000B\000y\000I\000d\000\050\000\051}{subsection.6.19.3}% 114
\BOOKMARK [3][-]{subsubsection.6.19.3.5}{\376\377\0006\000.\0001\0009\000.\0003\000.\0005\000\040\000u\000p\000d\000a\000t\000e\000U\000s\000e\000r\000\050\000\051}{subsection.6.19.3}% 115
\BOOKMARK [1][-]{section.6.20}{\376\377\0006\000.\0002\0000\000\040\000c\000o\000m\000.\000l\000o\000g\000i\000s\000t\000i\000c\000s\000.\000s\000n\000o\000w\000a\000p\000i\000.\000s\000e\000r\000v\000i\000c\000e\000.\000S\000n\000o\000w\000U\000s\000e\000r\000S\000e\000r\000v\000i\000c\000e\000T\000e\000s\000t\000\040\000C\000l\000a\000s\000s\000\040\000R\000e\000f\000e\000r\000e\000n\000c\000e}{chapter.6}% 116
\BOOKMARK [2][-]{subsection.6.20.1}{\376\377\0006\000.\0002\0000\000.\0001\000\040\000D\000e\000t\000a\000i\000l\000e\000d\000\040\000D\000e\000s\000c\000r\000i\000p\000t\000i\000o\000n}{section.6.20}% 117
\BOOKMARK [2][-]{subsection.6.20.2}{\376\377\0006\000.\0002\0000\000.\0002\000\040\000M\000e\000m\000b\000e\000r\000\040\000F\000u\000n\000c\000t\000i\000o\000n\000\040\000D\000o\000c\000u\000m\000e\000n\000t\000a\000t\000i\000o\000n}{section.6.20}% 118
\BOOKMARK [3][-]{subsubsection.6.20.2.1}{\376\377\0006\000.\0002\0000\000.\0002\000.\0001\000\040\000t\000e\000s\000t\000C\000r\000e\000a\000t\000e\000U\000s\000e\000r\000\050\000\051}{subsection.6.20.2}% 119
\BOOKMARK [3][-]{subsubsection.6.20.2.2}{\376\377\0006\000.\0002\0000\000.\0002\000.\0002\000\040\000t\000e\000s\000t\000D\000e\000l\000e\000t\000e\000U\000s\000e\000r\000\050\000\051}{subsection.6.20.2}% 120
\BOOKMARK [1][-]{section.6.21}{\376\377\0006\000.\0002\0001\000\040\000c\000o\000m\000.\000l\000o\000g\000i\000s\000t\000i\000c\000s\000.\000s\000n\000o\000w\000a\000p\000i\000.\000m\000o\000d\000e\000l\000.\000S\000p\000a\000t\000i\000a\000l\000R\000e\000f\000S\000y\000\040\000C\000l\000a\000s\000s\000\040\000R\000e\000f\000e\000r\000e\000n\000c\000e}{chapter.6}% 121
\BOOKMARK [2][-]{subsection.6.21.1}{\376\377\0006\000.\0002\0001\000.\0001\000\040\000D\000e\000t\000a\000i\000l\000e\000d\000\040\000D\000e\000s\000c\000r\000i\000p\000t\000i\000o\000n}{section.6.21}% 122
\BOOKMARK [1][-]{section.6.22}{\376\377\0006\000.\0002\0002\000\040\000c\000o\000m\000.\000l\000o\000g\000i\000s\000t\000i\000c\000s\000.\000s\000n\000o\000w\000a\000p\000i\000.\000m\000o\000d\000e\000l\000.\000U\000g\000c\000A\000l\000e\000r\000t\000\040\000C\000l\000a\000s\000s\000\040\000R\000e\000f\000e\000r\000e\000n\000c\000e}{chapter.6}% 123
\BOOKMARK [2][-]{subsection.6.22.1}{\376\377\0006\000.\0002\0002\000.\0001\000\040\000D\000e\000t\000a\000i\000l\000e\000d\000\040\000D\000e\000s\000c\000r\000i\000p\000t\000i\000o\000n}{section.6.22}% 124
\BOOKMARK [1][-]{section.6.23}{\376\377\0006\000.\0002\0003\000\040\000c\000o\000m\000.\000l\000o\000g\000i\000s\000t\000i\000c\000s\000.\000s\000n\000o\000w\000a\000p\000i\000.\000m\000o\000d\000e\000l\000.\000U\000g\000c\000A\000l\000e\000r\000t\000I\000d\000\040\000C\000l\000a\000s\000s\000\040\000R\000e\000f\000e\000r\000e\000n\000c\000e}{chapter.6}% 125
\BOOKMARK [2][-]{subsection.6.23.1}{\376\377\0006\000.\0002\0003\000.\0001\000\040\000D\000e\000t\000a\000i\000l\000e\000d\000\040\000D\000e\000s\000c\000r\000i\000p\000t\000i\000o\000n}{section.6.23}% 126
\BOOKMARK [2][-]{subsection.6.23.2}{\376\377\0006\000.\0002\0003\000.\0002\000\040\000M\000e\000m\000b\000e\000r\000\040\000F\000u\000n\000c\000t\000i\000o\000n\000\040\000D\000o\000c\000u\000m\000e\000n\000t\000a\000t\000i\000o\000n}{section.6.23}% 127
\BOOKMARK [3][-]{subsubsection.6.23.2.1}{\376\377\0006\000.\0002\0003\000.\0002\000.\0001\000\040\000e\000q\000u\000a\000l\000s\000\050\000\051}{subsection.6.23.2}% 128
\BOOKMARK [3][-]{subsubsection.6.23.2.2}{\376\377\0006\000.\0002\0003\000.\0002\000.\0002\000\040\000h\000a\000s\000h\000C\000o\000d\000e\000\050\000\051}{subsection.6.23.2}% 129
\BOOKMARK [1][-]{section.6.24}{\376\377\0006\000.\0002\0004\000\040\000c\000o\000m\000.\000l\000o\000g\000i\000s\000t\000i\000c\000s\000.\000s\000n\000o\000w\000a\000p\000i\000.\000m\000o\000d\000e\000l\000.\000U\000g\000c\000B\000o\000u\000n\000d\000a\000r\000y\000\040\000C\000l\000a\000s\000s\000\040\000R\000e\000f\000e\000r\000e\000n\000c\000e}{chapter.6}% 130
\BOOKMARK [2][-]{subsection.6.24.1}{\376\377\0006\000.\0002\0004\000.\0001\000\040\000D\000e\000t\000a\000i\000l\000e\000d\000\040\000D\000e\000s\000c\000r\000i\000p\000t\000i\000o\000n}{section.6.24}% 131
\BOOKMARK [1][-]{section.6.25}{\376\377\0006\000.\0002\0005\000\040\000c\000o\000m\000.\000l\000o\000g\000i\000s\000t\000i\000c\000s\000.\000s\000n\000o\000w\000a\000p\000i\000.\000m\000o\000d\000e\000l\000.\000U\000g\000c\000B\000o\000u\000n\000d\000a\000r\000y\000I\000d\000\040\000C\000l\000a\000s\000s\000\040\000R\000e\000f\000e\000r\000e\000n\000c\000e}{chapter.6}% 132
\BOOKMARK [2][-]{subsection.6.25.1}{\376\377\0006\000.\0002\0005\000.\0001\000\040\000D\000e\000t\000a\000i\000l\000e\000d\000\040\000D\000e\000s\000c\000r\000i\000p\000t\000i\000o\000n}{section.6.25}% 133
\BOOKMARK [2][-]{subsection.6.25.2}{\376\377\0006\000.\0002\0005\000.\0002\000\040\000M\000e\000m\000b\000e\000r\000\040\000F\000u\000n\000c\000t\000i\000o\000n\000\040\000D\000o\000c\000u\000m\000e\000n\000t\000a\000t\000i\000o\000n}{section.6.25}% 134
\BOOKMARK [3][-]{subsubsection.6.25.2.1}{\376\377\0006\000.\0002\0005\000.\0002\000.\0001\000\040\000e\000q\000u\000a\000l\000s\000\050\000\051}{subsection.6.25.2}% 135
\BOOKMARK [3][-]{subsubsection.6.25.2.2}{\376\377\0006\000.\0002\0005\000.\0002\000.\0002\000\040\000h\000a\000s\000h\000C\000o\000d\000e\000\050\000\051}{subsection.6.25.2}% 136
\BOOKMARK [1][-]{section.6.26}{\376\377\0006\000.\0002\0006\000\040\000c\000o\000m\000.\000l\000o\000g\000i\000s\000t\000i\000c\000s\000.\000s\000n\000o\000w\000a\000p\000i\000.\000m\000o\000d\000e\000l\000.\000U\000g\000c\000Z\000o\000n\000e\000\040\000C\000l\000a\000s\000s\000\040\000R\000e\000f\000e\000r\000e\000n\000c\000e}{chapter.6}% 137
\BOOKMARK [2][-]{subsection.6.26.1}{\376\377\0006\000.\0002\0006\000.\0001\000\040\000D\000e\000t\000a\000i\000l\000e\000d\000\040\000D\000e\000s\000c\000r\000i\000p\000t\000i\000o\000n}{section.6.26}% 138
\BOOKMARK [1][-]{section.6.27}{\376\377\0006\000.\0002\0007\000\040\000c\000o\000m\000.\000l\000o\000g\000i\000s\000t\000i\000c\000s\000.\000s\000n\000o\000w\000a\000p\000i\000.\000r\000e\000p\000o\000s\000i\000t\000o\000r\000y\000.\000U\000g\000c\000Z\000o\000n\000e\000R\000e\000p\000o\000s\000i\000t\000o\000r\000y\000\040\000I\000n\000t\000e\000r\000f\000a\000c\000e\000\040\000R\000e\000f\000e\000r\000e\000n\000c\000e}{chapter.6}% 139
\BOOKMARK [2][-]{subsection.6.27.1}{\376\377\0006\000.\0002\0007\000.\0001\000\040\000D\000e\000t\000a\000i\000l\000e\000d\000\040\000D\000e\000s\000c\000r\000i\000p\000t\000i\000o\000n}{section.6.27}% 140
\BOOKMARK [2][-]{subsection.6.27.2}{\376\377\0006\000.\0002\0007\000.\0002\000\040\000M\000e\000m\000b\000e\000r\000\040\000F\000u\000n\000c\000t\000i\000o\000n\000\040\000D\000o\000c\000u\000m\000e\000n\000t\000a\000t\000i\000o\000n}{section.6.27}% 141
\BOOKMARK [3][-]{subsubsection.6.27.2.1}{\376\377\0006\000.\0002\0007\000.\0002\000.\0001\000\040\000d\000e\000l\000e\000t\000e\000B\000y\000U\000g\000c\000C\000o\000d\000e\000\050\000\051}{subsection.6.27.2}% 142
\BOOKMARK [3][-]{subsubsection.6.27.2.2}{\376\377\0006\000.\0002\0007\000.\0002\000.\0002\000\040\000e\000x\000i\000s\000t\000s\000B\000y\000U\000g\000c\000C\000o\000d\000e\000\050\000\051}{subsection.6.27.2}% 143
\BOOKMARK [3][-]{subsubsection.6.27.2.3}{\376\377\0006\000.\0002\0007\000.\0002\000.\0003\000\040\000f\000i\000n\000d\000B\000y\000U\000g\000c\000C\000o\000d\000e\000\050\000\051}{subsection.6.27.2}% 144
\BOOKMARK [1][-]{section.6.28}{\376\377\0006\000.\0002\0008\000\040\000c\000o\000m\000.\000l\000o\000g\000i\000s\000t\000i\000c\000s\000.\000s\000n\000o\000w\000a\000p\000i\000.\000u\000g\000c\000z\000o\000n\000e\000r\000e\000s\000p\000o\000n\000s\000e\000.\000U\000g\000c\000Z\000o\000n\000e\000R\000e\000s\000p\000o\000n\000s\000e\000\040\000C\000l\000a\000s\000s\000\040\000R\000e\000f\000e\000r\000e\000n\000c\000e}{chapter.6}% 145
\BOOKMARK [2][-]{subsection.6.28.1}{\376\377\0006\000.\0002\0008\000.\0001\000\040\000D\000e\000t\000a\000i\000l\000e\000d\000\040\000D\000e\000s\000c\000r\000i\000p\000t\000i\000o\000n}{section.6.28}% 146
\BOOKMARK [1][-]{section.6.29}{\376\377\0006\000.\0002\0009\000\040\000c\000o\000m\000.\000l\000o\000g\000i\000s\000t\000i\000c\000s\000.\000s\000n\000o\000w\000a\000p\000i\000.\000s\000e\000r\000v\000i\000c\000e\000.\000U\000g\000c\000Z\000o\000n\000e\000S\000c\000r\000a\000p\000e\000r\000\040\000C\000l\000a\000s\000s\000\040\000R\000e\000f\000e\000r\000e\000n\000c\000e}{chapter.6}% 147
\BOOKMARK [2][-]{subsection.6.29.1}{\376\377\0006\000.\0002\0009\000.\0001\000\040\000D\000e\000t\000a\000i\000l\000e\000d\000\040\000D\000e\000s\000c\000r\000i\000p\000t\000i\000o\000n}{section.6.29}% 148
\BOOKMARK [2][-]{subsection.6.29.2}{\376\377\0006\000.\0002\0009\000.\0002\000\040\000C\000o\000n\000s\000t\000r\000u\000c\000t\000o\000r\000\040\000\046\000\040\000D\000e\000s\000t\000r\000u\000c\000t\000o\000r\000\040\000D\000o\000c\000u\000m\000e\000n\000t\000a\000t\000i\000o\000n}{section.6.29}% 149
\BOOKMARK [3][-]{subsubsection.6.29.2.1}{\376\377\0006\000.\0002\0009\000.\0002\000.\0001\000\040\000U\000g\000c\000Z\000o\000n\000e\000S\000c\000r\000a\000p\000e\000r\000\050\000\051}{subsection.6.29.2}% 150
\BOOKMARK [2][-]{subsection.6.29.3}{\376\377\0006\000.\0002\0009\000.\0003\000\040\000M\000e\000m\000b\000e\000r\000\040\000F\000u\000n\000c\000t\000i\000o\000n\000\040\000D\000o\000c\000u\000m\000e\000n\000t\000a\000t\000i\000o\000n}{section.6.29}% 151
\BOOKMARK [3][-]{subsubsection.6.29.3.1}{\376\377\0006\000.\0002\0009\000.\0003\000.\0001\000\040\000s\000c\000r\000a\000p\000e\000\050\000\051}{subsection.6.29.3}% 152
\BOOKMARK [1][-]{section.6.30}{\376\377\0006\000.\0003\0000\000\040\000c\000o\000m\000.\000l\000o\000g\000i\000s\000t\000i\000c\000s\000.\000s\000n\000o\000w\000a\000p\000i\000.\000s\000e\000r\000v\000i\000c\000e\000.\000U\000g\000c\000Z\000o\000n\000e\000S\000e\000r\000v\000i\000c\000e\000\040\000C\000l\000a\000s\000s\000\040\000R\000e\000f\000e\000r\000e\000n\000c\000e}{chapter.6}% 153
\BOOKMARK [2][-]{subsection.6.30.1}{\376\377\0006\000.\0003\0000\000.\0001\000\040\000D\000e\000t\000a\000i\000l\000e\000d\000\040\000D\000e\000s\000c\000r\000i\000p\000t\000i\000o\000n}{section.6.30}% 154
\BOOKMARK [2][-]{subsection.6.30.2}{\376\377\0006\000.\0003\0000\000.\0002\000\040\000C\000o\000n\000s\000t\000r\000u\000c\000t\000o\000r\000\040\000\046\000\040\000D\000e\000s\000t\000r\000u\000c\000t\000o\000r\000\040\000D\000o\000c\000u\000m\000e\000n\000t\000a\000t\000i\000o\000n}{section.6.30}% 155
\BOOKMARK [3][-]{subsubsection.6.30.2.1}{\376\377\0006\000.\0003\0000\000.\0002\000.\0001\000\040\000U\000g\000c\000Z\000o\000n\000e\000S\000e\000r\000v\000i\000c\000e\000\050\000\051}{subsection.6.30.2}% 156
\BOOKMARK [2][-]{subsection.6.30.3}{\376\377\0006\000.\0003\0000\000.\0003\000\040\000M\000e\000m\000b\000e\000r\000\040\000F\000u\000n\000c\000t\000i\000o\000n\000\040\000D\000o\000c\000u\000m\000e\000n\000t\000a\000t\000i\000o\000n}{section.6.30}% 157
\BOOKMARK [3][-]{subsubsection.6.30.3.1}{\376\377\0006\000.\0003\0000\000.\0003\000.\0001\000\040\000c\000r\000e\000a\000t\000e\000U\000g\000c\000Z\000o\000n\000e\000\050\000\051}{subsection.6.30.3}% 158
\BOOKMARK [3][-]{subsubsection.6.30.3.2}{\376\377\0006\000.\0003\0000\000.\0003\000.\0002\000\040\000d\000e\000l\000e\000t\000e\000U\000g\000c\000Z\000o\000n\000e\000B\000y\000U\000g\000c\000C\000o\000d\000e\000\050\000\051}{subsection.6.30.3}% 159
\BOOKMARK [3][-]{subsubsection.6.30.3.3}{\376\377\0006\000.\0003\0000\000.\0003\000.\0003\000\040\000f\000i\000n\000d\000A\000l\000l\000U\000g\000c\000Z\000o\000n\000e\000s\000\050\000\051}{subsection.6.30.3}% 160
\BOOKMARK [3][-]{subsubsection.6.30.3.4}{\376\377\0006\000.\0003\0000\000.\0003\000.\0004\000\040\000f\000i\000n\000d\000U\000g\000c\000Z\000o\000n\000e\000B\000y\000U\000g\000c\000C\000o\000d\000e\000\050\000\051}{subsection.6.30.3}% 161
\BOOKMARK [3][-]{subsubsection.6.30.3.5}{\376\377\0006\000.\0003\0000\000.\0003\000.\0005\000\040\000u\000p\000d\000a\000t\000e\000U\000g\000c\000Z\000o\000n\000e\000\050\000\051}{subsection.6.30.3}% 162
\BOOKMARK [1][-]{section.6.31}{\376\377\0006\000.\0003\0001\000\040\000c\000o\000m\000.\000l\000o\000g\000i\000s\000t\000i\000c\000s\000.\000s\000n\000o\000w\000a\000p\000i\000.\000m\000o\000d\000e\000l\000.\000U\000s\000e\000r\000B\000o\000u\000n\000d\000a\000r\000y\000\040\000C\000l\000a\000s\000s\000\040\000R\000e\000f\000e\000r\000e\000n\000c\000e}{chapter.6}% 163
\BOOKMARK [2][-]{subsection.6.31.1}{\376\377\0006\000.\0003\0001\000.\0001\000\040\000D\000e\000t\000a\000i\000l\000e\000d\000\040\000D\000e\000s\000c\000r\000i\000p\000t\000i\000o\000n}{section.6.31}% 164
\BOOKMARK [1][-]{section.6.32}{\376\377\0006\000.\0003\0002\000\040\000c\000o\000m\000.\000l\000o\000g\000i\000s\000t\000i\000c\000s\000.\000s\000n\000o\000w\000a\000p\000i\000.\000c\000o\000n\000t\000r\000o\000l\000l\000e\000r\000.\000U\000s\000e\000r\000B\000o\000u\000n\000d\000a\000r\000y\000C\000o\000n\000t\000r\000o\000l\000l\000e\000r\000\040\000C\000l\000a\000s\000s\000\040\000R\000e\000f\000e\000r\000e\000n\000c\000e}{chapter.6}% 165
\BOOKMARK [2][-]{subsection.6.32.1}{\376\377\0006\000.\0003\0002\000.\0001\000\040\000D\000e\000t\000a\000i\000l\000e\000d\000\040\000D\000e\000s\000c\000r\000i\000p\000t\000i\000o\000n}{section.6.32}% 166
\BOOKMARK [2][-]{subsection.6.32.2}{\376\377\0006\000.\0003\0002\000.\0002\000\040\000C\000o\000n\000s\000t\000r\000u\000c\000t\000o\000r\000\040\000\046\000\040\000D\000e\000s\000t\000r\000u\000c\000t\000o\000r\000\040\000D\000o\000c\000u\000m\000e\000n\000t\000a\000t\000i\000o\000n}{section.6.32}% 167
\BOOKMARK [3][-]{subsubsection.6.32.2.1}{\376\377\0006\000.\0003\0002\000.\0002\000.\0001\000\040\000U\000s\000e\000r\000B\000o\000u\000n\000d\000a\000r\000y\000C\000o\000n\000t\000r\000o\000l\000l\000e\000r\000\050\000\051}{subsection.6.32.2}% 168
\BOOKMARK [2][-]{subsection.6.32.3}{\376\377\0006\000.\0003\0002\000.\0003\000\040\000M\000e\000m\000b\000e\000r\000\040\000F\000u\000n\000c\000t\000i\000o\000n\000\040\000D\000o\000c\000u\000m\000e\000n\000t\000a\000t\000i\000o\000n}{section.6.32}% 169
\BOOKMARK [3][-]{subsubsection.6.32.3.1}{\376\377\0006\000.\0003\0002\000.\0003\000.\0001\000\040\000c\000r\000e\000a\000t\000e\000\050\000\051}{subsection.6.32.3}% 170
\BOOKMARK [3][-]{subsubsection.6.32.3.2}{\376\377\0006\000.\0003\0002\000.\0003\000.\0002\000\040\000d\000e\000l\000e\000t\000e\000\050\000\051}{subsection.6.32.3}% 171
\BOOKMARK [3][-]{subsubsection.6.32.3.3}{\376\377\0006\000.\0003\0002\000.\0003\000.\0003\000\040\000g\000e\000t\000A\000l\000l\000\050\000\051}{subsection.6.32.3}% 172
\BOOKMARK [3][-]{subsubsection.6.32.3.4}{\376\377\0006\000.\0003\0002\000.\0003\000.\0004\000\040\000g\000e\000t\000B\000y\000I\000d\000\050\000\051}{subsection.6.32.3}% 173
\BOOKMARK [1][-]{section.6.33}{\376\377\0006\000.\0003\0003\000\040\000c\000o\000m\000.\000l\000o\000g\000i\000s\000t\000i\000c\000s\000.\000s\000n\000o\000w\000a\000p\000i\000.\000m\000o\000d\000e\000l\000.\000U\000s\000e\000r\000B\000o\000u\000n\000d\000a\000r\000y\000I\000d\000\040\000C\000l\000a\000s\000s\000\040\000R\000e\000f\000e\000r\000e\000n\000c\000e}{chapter.6}% 174
\BOOKMARK [2][-]{subsection.6.33.1}{\376\377\0006\000.\0003\0003\000.\0001\000\040\000D\000e\000t\000a\000i\000l\000e\000d\000\040\000D\000e\000s\000c\000r\000i\000p\000t\000i\000o\000n}{section.6.33}% 175
\BOOKMARK [2][-]{subsection.6.33.2}{\376\377\0006\000.\0003\0003\000.\0002\000\040\000C\000o\000n\000s\000t\000r\000u\000c\000t\000o\000r\000\040\000\046\000\040\000D\000e\000s\000t\000r\000u\000c\000t\000o\000r\000\040\000D\000o\000c\000u\000m\000e\000n\000t\000a\000t\000i\000o\000n}{section.6.33}% 176
\BOOKMARK [3][-]{subsubsection.6.33.2.1}{\376\377\0006\000.\0003\0003\000.\0002\000.\0001\000\040\000U\000s\000e\000r\000B\000o\000u\000n\000d\000a\000r\000y\000I\000d\000\050\000\051\000\040\000[\0001\000/\0002\000]}{subsection.6.33.2}% 177
\BOOKMARK [3][-]{subsubsection.6.33.2.2}{\376\377\0006\000.\0003\0003\000.\0002\000.\0002\000\040\000U\000s\000e\000r\000B\000o\000u\000n\000d\000a\000r\000y\000I\000d\000\050\000\051\000\040\000[\0002\000/\0002\000]}{subsection.6.33.2}% 178
\BOOKMARK [2][-]{subsection.6.33.3}{\376\377\0006\000.\0003\0003\000.\0003\000\040\000M\000e\000m\000b\000e\000r\000\040\000F\000u\000n\000c\000t\000i\000o\000n\000\040\000D\000o\000c\000u\000m\000e\000n\000t\000a\000t\000i\000o\000n}{section.6.33}% 179
\BOOKMARK [3][-]{subsubsection.6.33.3.1}{\376\377\0006\000.\0003\0003\000.\0003\000.\0001\000\040\000e\000q\000u\000a\000l\000s\000\050\000\051}{subsection.6.33.3}% 180
\BOOKMARK [3][-]{subsubsection.6.33.3.2}{\376\377\0006\000.\0003\0003\000.\0003\000.\0002\000\040\000h\000a\000s\000h\000C\000o\000d\000e\000\050\000\051}{subsection.6.33.3}% 181
\BOOKMARK [1][-]{section.6.34}{\376\377\0006\000.\0003\0004\000\040\000c\000o\000m\000.\000l\000o\000g\000i\000s\000t\000i\000c\000s\000.\000s\000n\000o\000w\000a\000p\000i\000.\000r\000e\000p\000o\000s\000i\000t\000o\000r\000y\000.\000U\000s\000e\000r\000B\000o\000u\000n\000d\000a\000r\000y\000R\000e\000p\000o\000s\000i\000t\000o\000r\000y\000\040\000I\000n\000t\000e\000r\000f\000a\000c\000e\000\040\000R\000e\000f\000e\000r\000e\000n\000c\000e}{chapter.6}% 182
\BOOKMARK [2][-]{subsection.6.34.1}{\376\377\0006\000.\0003\0004\000.\0001\000\040\000D\000e\000t\000a\000i\000l\000e\000d\000\040\000D\000e\000s\000c\000r\000i\000p\000t\000i\000o\000n}{section.6.34}% 183
\BOOKMARK [1][-]{section.6.35}{\376\377\0006\000.\0003\0005\000\040\000c\000o\000m\000.\000l\000o\000g\000i\000s\000t\000i\000c\000s\000.\000s\000n\000o\000w\000a\000p\000i\000.\000s\000e\000r\000v\000i\000c\000e\000.\000U\000s\000e\000r\000B\000o\000u\000n\000d\000a\000r\000y\000S\000e\000r\000v\000i\000c\000e\000\040\000C\000l\000a\000s\000s\000\040\000R\000e\000f\000e\000r\000e\000n\000c\000e}{chapter.6}% 184
\BOOKMARK [2][-]{subsection.6.35.1}{\376\377\0006\000.\0003\0005\000.\0001\000\040\000D\000e\000t\000a\000i\000l\000e\000d\000\040\000D\000e\000s\000c\000r\000i\000p\000t\000i\000o\000n}{section.6.35}% 185
\BOOKMARK [2][-]{subsection.6.35.2}{\376\377\0006\000.\0003\0005\000.\0002\000\040\000C\000o\000n\000s\000t\000r\000u\000c\000t\000o\000r\000\040\000\046\000\040\000D\000e\000s\000t\000r\000u\000c\000t\000o\000r\000\040\000D\000o\000c\000u\000m\000e\000n\000t\000a\000t\000i\000o\000n}{section.6.35}% 186
\BOOKMARK [3][-]{subsubsection.6.35.2.1}{\376\377\0006\000.\0003\0005\000.\0002\000.\0001\000\040\000U\000s\000e\000r\000B\000o\000u\000n\000d\000a\000r\000y\000S\000e\000r\000v\000i\000c\000e\000\050\000\051}{subsection.6.35.2}% 187
\BOOKMARK [2][-]{subsection.6.35.3}{\376\377\0006\000.\0003\0005\000.\0003\000\040\000M\000e\000m\000b\000e\000r\000\040\000F\000u\000n\000c\000t\000i\000o\000n\000\040\000D\000o\000c\000u\000m\000e\000n\000t\000a\000t\000i\000o\000n}{section.6.35}% 188
\BOOKMARK [3][-]{subsubsection.6.35.3.1}{\376\377\0006\000.\0003\0005\000.\0003\000.\0001\000\040\000c\000r\000e\000a\000t\000e\000U\000s\000e\000r\000B\000o\000u\000n\000d\000a\000r\000y\000\050\000\051}{subsection.6.35.3}% 189
\BOOKMARK [3][-]{subsubsection.6.35.3.2}{\376\377\0006\000.\0003\0005\000.\0003\000.\0002\000\040\000d\000e\000l\000e\000t\000e\000\050\000\051}{subsection.6.35.3}% 190
\BOOKMARK [3][-]{subsubsection.6.35.3.3}{\376\377\0006\000.\0003\0005\000.\0003\000.\0003\000\040\000f\000i\000n\000d\000A\000l\000l\000\050\000\051}{subsection.6.35.3}% 191
\BOOKMARK [3][-]{subsubsection.6.35.3.4}{\376\377\0006\000.\0003\0005\000.\0003\000.\0004\000\040\000f\000i\000n\000d\000B\000y\000I\000d\000\050\000\051}{subsection.6.35.3}% 192
\BOOKMARK [3][-]{subsubsection.6.35.3.5}{\376\377\0006\000.\0003\0005\000.\0003\000.\0005\000\040\000s\000a\000v\000e\000\050\000\051}{subsection.6.35.3}% 193
\BOOKMARK [1][-]{section.6.36}{\376\377\0006\000.\0003\0006\000\040\000c\000o\000m\000.\000l\000o\000g\000i\000s\000t\000i\000c\000s\000.\000s\000n\000o\000w\000a\000p\000i\000.\000c\000o\000n\000f\000i\000g\000.\000W\000e\000b\000C\000o\000n\000f\000i\000g\000\040\000C\000l\000a\000s\000s\000\040\000R\000e\000f\000e\000r\000e\000n\000c\000e}{chapter.6}% 194
\BOOKMARK [2][-]{subsection.6.36.1}{\376\377\0006\000.\0003\0006\000.\0001\000\040\000D\000e\000t\000a\000i\000l\000e\000d\000\040\000D\000e\000s\000c\000r\000i\000p\000t\000i\000o\000n}{section.6.36}% 195
\BOOKMARK [2][-]{subsection.6.36.2}{\376\377\0006\000.\0003\0006\000.\0002\000\040\000M\000e\000m\000b\000e\000r\000\040\000F\000u\000n\000c\000t\000i\000o\000n\000\040\000D\000o\000c\000u\000m\000e\000n\000t\000a\000t\000i\000o\000n}{section.6.36}% 196
\BOOKMARK [3][-]{subsubsection.6.36.2.1}{\376\377\0006\000.\0003\0006\000.\0002\000.\0001\000\040\000a\000d\000d\000C\000o\000r\000s\000M\000a\000p\000p\000i\000n\000g\000s\000\050\000\051}{subsection.6.36.2}% 197
\BOOKMARK [0][-]{chapter.7}{\376\377\0007\000\040\000F\000i\000l\000e\000\040\000D\000o\000c\000u\000m\000e\000n\000t\000a\000t\000i\000o\000n}{}% 198
\BOOKMARK [1][-]{section.7.1}{\376\377\0007\000.\0001\000\040\000s\000r\000c\000/\000m\000a\000i\000n\000/\000j\000a\000v\000a\000/\000c\000o\000m\000/\000l\000o\000g\000i\000s\000t\000i\000c\000s\000/\000s\000n\000o\000w\000a\000p\000i\000/\000c\000o\000n\000f\000i\000g\000/\000W\000e\000b\000C\000o\000n\000f\000i\000g\000.\000j\000a\000v\000a\000\040\000F\000i\000l\000e\000\040\000R\000e\000f\000e\000r\000e\000n\000c\000e}{chapter.7}% 199
\BOOKMARK [1][-]{section.7.2}{\376\377\0007\000.\0002\000\040\000s\000r\000c\000/\000m\000a\000i\000n\000/\000j\000a\000v\000a\000/\000c\000o\000m\000/\000l\000o\000g\000i\000s\000t\000i\000c\000s\000/\000s\000n\000o\000w\000a\000p\000i\000/\000c\000o\000n\000t\000r\000o\000l\000l\000e\000r\000/\000A\000l\000e\000r\000t\000C\000o\000n\000t\000r\000o\000l\000l\000e\000r\000.\000j\000a\000v\000a\000\040\000F\000i\000l\000e\000\040\000R\000e\000f\000e\000r\000e\000n\000c\000e}{chapter.7}% 200
\BOOKMARK [1][-]{section.7.3}{\376\377\0007\000.\0003\000\040\000s\000r\000c\000/\000m\000a\000i\000n\000/\000j\000a\000v\000a\000/\000c\000o\000m\000/\000l\000o\000g\000i\000s\000t\000i\000c\000s\000/\000s\000n\000o\000w\000a\000p\000i\000/\000c\000o\000n\000t\000r\000o\000l\000l\000e\000r\000/\000B\000o\000u\000n\000d\000a\000r\000y\000C\000o\000n\000t\000r\000o\000l\000l\000e\000r\000.\000j\000a\000v\000a\000\040\000F\000i\000l\000e\000\040\000R\000e\000f\000e\000r\000e\000n\000c\000e}{chapter.7}% 201
\BOOKMARK [1][-]{section.7.4}{\376\377\0007\000.\0004\000\040\000s\000r\000c\000/\000m\000a\000i\000n\000/\000j\000a\000v\000a\000/\000c\000o\000m\000/\000l\000o\000g\000i\000s\000t\000i\000c\000s\000/\000s\000n\000o\000w\000a\000p\000i\000/\000c\000o\000n\000t\000r\000o\000l\000l\000e\000r\000/\000h\000e\000l\000l\000o\000W\000o\000r\000l\000d\000.\000j\000a\000v\000a\000\040\000F\000i\000l\000e\000\040\000R\000e\000f\000e\000r\000e\000n\000c\000e}{chapter.7}% 202
\BOOKMARK [1][-]{section.7.5}{\376\377\0007\000.\0005\000\040\000s\000r\000c\000/\000m\000a\000i\000n\000/\000j\000a\000v\000a\000/\000c\000o\000m\000/\000l\000o\000g\000i\000s\000t\000i\000c\000s\000/\000s\000n\000o\000w\000a\000p\000i\000/\000c\000o\000n\000t\000r\000o\000l\000l\000e\000r\000/\000S\000n\000o\000w\000U\000s\000e\000r\000C\000o\000n\000t\000r\000o\000l\000l\000e\000r\000.\000j\000a\000v\000a\000\040\000F\000i\000l\000e\000\040\000R\000e\000f\000e\000r\000e\000n\000c\000e}{chapter.7}% 203
\BOOKMARK [1][-]{section.7.6}{\376\377\0007\000.\0006\000\040\000s\000r\000c\000/\000m\000a\000i\000n\000/\000j\000a\000v\000a\000/\000c\000o\000m\000/\000l\000o\000g\000i\000s\000t\000i\000c\000s\000/\000s\000n\000o\000w\000a\000p\000i\000/\000c\000o\000n\000t\000r\000o\000l\000l\000e\000r\000/\000U\000s\000e\000r\000B\000o\000u\000n\000d\000a\000r\000y\000C\000o\000n\000t\000r\000o\000l\000l\000e\000r\000.\000j\000a\000v\000a\000\040\000F\000i\000l\000e\000\040\000R\000e\000f\000e\000r\000e\000n\000c\000e}{chapter.7}% 204
\BOOKMARK [1][-]{section.7.7}{\376\377\0007\000.\0007\000\040\000s\000r\000c\000/\000m\000a\000i\000n\000/\000j\000a\000v\000a\000/\000c\000o\000m\000/\000l\000o\000g\000i\000s\000t\000i\000c\000s\000/\000s\000n\000o\000w\000a\000p\000i\000/\000g\000e\000o\000j\000s\000o\000n\000r\000e\000s\000p\000o\000n\000s\000e\000/\000F\000e\000a\000t\000u\000r\000e\000.\000j\000a\000v\000a\000\040\000F\000i\000l\000e\000\040\000R\000e\000f\000e\000r\000e\000n\000c\000e}{chapter.7}% 205
\BOOKMARK [1][-]{section.7.8}{\376\377\0007\000.\0008\000\040\000s\000r\000c\000/\000m\000a\000i\000n\000/\000j\000a\000v\000a\000/\000c\000o\000m\000/\000l\000o\000g\000i\000s\000t\000i\000c\000s\000/\000s\000n\000o\000w\000a\000p\000i\000/\000g\000e\000o\000j\000s\000o\000n\000r\000e\000s\000p\000o\000n\000s\000e\000/\000F\000e\000a\000t\000u\000r\000e\000P\000r\000o\000p\000e\000r\000t\000i\000e\000s\000.\000j\000a\000v\000a\000\040\000F\000i\000l\000e\000\040\000R\000e\000f\000e\000r\000e\000n\000c\000e}{chapter.7}% 206
\BOOKMARK [1][-]{section.7.9}{\376\377\0007\000.\0009\000\040\000s\000r\000c\000/\000m\000a\000i\000n\000/\000j\000a\000v\000a\000/\000c\000o\000m\000/\000l\000o\000g\000i\000s\000t\000i\000c\000s\000/\000s\000n\000o\000w\000a\000p\000i\000/\000g\000e\000o\000j\000s\000o\000n\000r\000e\000s\000p\000o\000n\000s\000e\000/\000G\000e\000o\000J\000s\000o\000n\000R\000e\000s\000p\000o\000n\000s\000e\000.\000j\000a\000v\000a\000\040\000F\000i\000l\000e\000\040\000R\000e\000f\000e\000r\000e\000n\000c\000e}{chapter.7}% 207
\BOOKMARK [1][-]{section.7.10}{\376\377\0007\000.\0001\0000\000\040\000s\000r\000c\000/\000m\000a\000i\000n\000/\000j\000a\000v\000a\000/\000c\000o\000m\000/\000l\000o\000g\000i\000s\000t\000i\000c\000s\000/\000s\000n\000o\000w\000a\000p\000i\000/\000m\000o\000d\000e\000l\000/\000A\000l\000e\000r\000t\000.\000j\000a\000v\000a\000\040\000F\000i\000l\000e\000\040\000R\000e\000f\000e\000r\000e\000n\000c\000e}{chapter.7}% 208
\BOOKMARK [1][-]{section.7.11}{\376\377\0007\000.\0001\0001\000\040\000s\000r\000c\000/\000m\000a\000i\000n\000/\000j\000a\000v\000a\000/\000c\000o\000m\000/\000l\000o\000g\000i\000s\000t\000i\000c\000s\000/\000s\000n\000o\000w\000a\000p\000i\000/\000m\000o\000d\000e\000l\000/\000B\000o\000u\000n\000d\000a\000r\000y\000.\000j\000a\000v\000a\000\040\000F\000i\000l\000e\000\040\000R\000e\000f\000e\000r\000e\000n\000c\000e}{chapter.7}% 209
\BOOKMARK [1][-]{section.7.12}{\376\377\0007\000.\0001\0002\000\040\000s\000r\000c\000/\000m\000a\000i\000n\000/\000j\000a\000v\000a\000/\000c\000o\000m\000/\000l\000o\000g\000i\000s\000t\000i\000c\000s\000/\000s\000n\000o\000w\000a\000p\000i\000/\000m\000o\000d\000e\000l\000/\000S\000n\000o\000w\000U\000s\000e\000r\000.\000j\000a\000v\000a\000\040\000F\000i\000l\000e\000\040\000R\000e\000f\000e\000r\000e\000n\000c\000e}{chapter.7}% 210
\BOOKMARK [1][-]{section.7.13}{\376\377\0007\000.\0001\0003\000\040\000s\000r\000c\000/\000m\000a\000i\000n\000/\000j\000a\000v\000a\000/\000c\000o\000m\000/\000l\000o\000g\000i\000s\000t\000i\000c\000s\000/\000s\000n\000o\000w\000a\000p\000i\000/\000m\000o\000d\000e\000l\000/\000S\000p\000a\000t\000i\000a\000l\000R\000e\000f\000S\000y\000.\000j\000a\000v\000a\000\040\000F\000i\000l\000e\000\040\000R\000e\000f\000e\000r\000e\000n\000c\000e}{chapter.7}% 211
\BOOKMARK [1][-]{section.7.14}{\376\377\0007\000.\0001\0004\000\040\000s\000r\000c\000/\000m\000a\000i\000n\000/\000j\000a\000v\000a\000/\000c\000o\000m\000/\000l\000o\000g\000i\000s\000t\000i\000c\000s\000/\000s\000n\000o\000w\000a\000p\000i\000/\000m\000o\000d\000e\000l\000/\000U\000g\000c\000A\000l\000e\000r\000t\000.\000j\000a\000v\000a\000\040\000F\000i\000l\000e\000\040\000R\000e\000f\000e\000r\000e\000n\000c\000e}{chapter.7}% 212
\BOOKMARK [1][-]{section.7.15}{\376\377\0007\000.\0001\0005\000\040\000s\000r\000c\000/\000m\000a\000i\000n\000/\000j\000a\000v\000a\000/\000c\000o\000m\000/\000l\000o\000g\000i\000s\000t\000i\000c\000s\000/\000s\000n\000o\000w\000a\000p\000i\000/\000m\000o\000d\000e\000l\000/\000U\000g\000c\000A\000l\000e\000r\000t\000I\000d\000.\000j\000a\000v\000a\000\040\000F\000i\000l\000e\000\040\000R\000e\000f\000e\000r\000e\000n\000c\000e}{chapter.7}% 213
\BOOKMARK [1][-]{section.7.16}{\376\377\0007\000.\0001\0006\000\040\000s\000r\000c\000/\000m\000a\000i\000n\000/\000j\000a\000v\000a\000/\000c\000o\000m\000/\000l\000o\000g\000i\000s\000t\000i\000c\000s\000/\000s\000n\000o\000w\000a\000p\000i\000/\000m\000o\000d\000e\000l\000/\000U\000g\000c\000B\000o\000u\000n\000d\000a\000r\000y\000.\000j\000a\000v\000a\000\040\000F\000i\000l\000e\000\040\000R\000e\000f\000e\000r\000e\000n\000c\000e}{chapter.7}% 214
\BOOKMARK [1][-]{section.7.17}{\376\377\0007\000.\0001\0007\000\040\000s\000r\000c\000/\000m\000a\000i\000n\000/\000j\000a\000v\000a\000/\000c\000o\000m\000/\000l\000o\000g\000i\000s\000t\000i\000c\000s\000/\000s\000n\000o\000w\000a\000p\000i\000/\000m\000o\000d\000e\000l\000/\000U\000g\000c\000B\000o\000u\000n\000d\000a\000r\000y\000I\000d\000.\000j\000a\000v\000a\000\040\000F\000i\000l\000e\000\040\000R\000e\000f\000e\000r\000e\000n\000c\000e}{chapter.7}% 215
\BOOKMARK [1][-]{section.7.18}{\376\377\0007\000.\0001\0008\000\040\000s\000r\000c\000/\000m\000a\000i\000n\000/\000j\000a\000v\000a\000/\000c\000o\000m\000/\000l\000o\000g\000i\000s\000t\000i\000c\000s\000/\000s\000n\000o\000w\000a\000p\000i\000/\000m\000o\000d\000e\000l\000/\000U\000g\000c\000Z\000o\000n\000e\000.\000j\000a\000v\000a\000\040\000F\000i\000l\000e\000\040\000R\000e\000f\000e\000r\000e\000n\000c\000e}{chapter.7}% 216
\BOOKMARK [1][-]{section.7.19}{\376\377\0007\000.\0001\0009\000\040\000s\000r\000c\000/\000m\000a\000i\000n\000/\000j\000a\000v\000a\000/\000c\000o\000m\000/\000l\000o\000g\000i\000s\000t\000i\000c\000s\000/\000s\000n\000o\000w\000a\000p\000i\000/\000m\000o\000d\000e\000l\000/\000U\000s\000e\000r\000B\000o\000u\000n\000d\000a\000r\000y\000.\000j\000a\000v\000a\000\040\000F\000i\000l\000e\000\040\000R\000e\000f\000e\000r\000e\000n\000c\000e}{chapter.7}% 217
\BOOKMARK [1][-]{section.7.20}{\376\377\0007\000.\0002\0000\000\040\000s\000r\000c\000/\000m\000a\000i\000n\000/\000j\000a\000v\000a\000/\000c\000o\000m\000/\000l\000o\000g\000i\000s\000t\000i\000c\000s\000/\000s\000n\000o\000w\000a\000p\000i\000/\000m\000o\000d\000e\000l\000/\000U\000s\000e\000r\000B\000o\000u\000n\000d\000a\000r\000y\000I\000d\000.\000j\000a\000v\000a\000\040\000F\000i\000l\000e\000\040\000R\000e\000f\000e\000r\000e\000n\000c\000e}{chapter.7}% 218
\BOOKMARK [1][-]{section.7.21}{\376\377\0007\000.\0002\0001\000\040\000s\000r\000c\000/\000m\000a\000i\000n\000/\000j\000a\000v\000a\000/\000c\000o\000m\000/\000l\000o\000g\000i\000s\000t\000i\000c\000s\000/\000s\000n\000o\000w\000a\000p\000i\000/\000r\000e\000p\000o\000s\000i\000t\000o\000r\000y\000/\000A\000l\000e\000r\000t\000R\000e\000p\000o\000s\000i\000t\000o\000r\000y\000.\000j\000a\000v\000a\000\040\000F\000i\000l\000e\000\040\000R\000e\000f\000e\000r\000e\000n\000c\000e}{chapter.7}% 219
\BOOKMARK [1][-]{section.7.22}{\376\377\0007\000.\0002\0002\000\040\000s\000r\000c\000/\000m\000a\000i\000n\000/\000j\000a\000v\000a\000/\000c\000o\000m\000/\000l\000o\000g\000i\000s\000t\000i\000c\000s\000/\000s\000n\000o\000w\000a\000p\000i\000/\000r\000e\000p\000o\000s\000i\000t\000o\000r\000y\000/\000B\000o\000u\000n\000d\000a\000r\000y\000R\000e\000p\000o\000s\000i\000t\000o\000r\000y\000.\000j\000a\000v\000a\000\040\000F\000i\000l\000e\000\040\000R\000e\000f\000e\000r\000e\000n\000c\000e}{chapter.7}% 220
\BOOKMARK [1][-]{section.7.23}{\376\377\0007\000.\0002\0003\000\040\000s\000r\000c\000/\000m\000a\000i\000n\000/\000j\000a\000v\000a\000/\000c\000o\000m\000/\000l\000o\000g\000i\000s\000t\000i\000c\000s\000/\000s\000n\000o\000w\000a\000p\000i\000/\000r\000e\000p\000o\000s\000i\000t\000o\000r\000y\000/\000S\000n\000o\000w\000U\000s\000e\000r\000R\000e\000p\000o\000s\000i\000t\000o\000r\000y\000.\000j\000a\000v\000a\000\040\000F\000i\000l\000e\000\040\000R\000e\000f\000e\000r\000e\000n\000c\000e}{chapter.7}% 221
\BOOKMARK [1][-]{section.7.24}{\376\377\0007\000.\0002\0004\000\040\000s\000r\000c\000/\000m\000a\000i\000n\000/\000j\000a\000v\000a\000/\000c\000o\000m\000/\000l\000o\000g\000i\000s\000t\000i\000c\000s\000/\000s\000n\000o\000w\000a\000p\000i\000/\000r\000e\000p\000o\000s\000i\000t\000o\000r\000y\000/\000U\000g\000c\000Z\000o\000n\000e\000R\000e\000p\000o\000s\000i\000t\000o\000r\000y\000.\000j\000a\000v\000a\000\040\000F\000i\000l\000e\000\040\000R\000e\000f\000e\000r\000e\000n\000c\000e}{chapter.7}% 222
\BOOKMARK [1][-]{section.7.25}{\376\377\0007\000.\0002\0005\000\040\000s\000r\000c\000/\000m\000a\000i\000n\000/\000j\000a\000v\000a\000/\000c\000o\000m\000/\000l\000o\000g\000i\000s\000t\000i\000c\000s\000/\000s\000n\000o\000w\000a\000p\000i\000/\000r\000e\000p\000o\000s\000i\000t\000o\000r\000y\000/\000U\000s\000e\000r\000B\000o\000u\000n\000d\000a\000r\000y\000R\000e\000p\000o\000s\000i\000t\000o\000r\000y\000.\000j\000a\000v\000a\000\040\000F\000i\000l\000e\000\040\000R\000e\000f\000e\000r\000e\000n\000c\000e}{chapter.7}% 223
\BOOKMARK [1][-]{section.7.26}{\376\377\0007\000.\0002\0006\000\040\000s\000r\000c\000/\000m\000a\000i\000n\000/\000j\000a\000v\000a\000/\000c\000o\000m\000/\000l\000o\000g\000i\000s\000t\000i\000c\000s\000/\000s\000n\000o\000w\000a\000p\000i\000/\000s\000e\000r\000v\000i\000c\000e\000/\000A\000l\000e\000r\000t\000S\000e\000r\000v\000i\000c\000e\000.\000j\000a\000v\000a\000\040\000F\000i\000l\000e\000\040\000R\000e\000f\000e\000r\000e\000n\000c\000e}{chapter.7}% 224
\BOOKMARK [1][-]{section.7.27}{\376\377\0007\000.\0002\0007\000\040\000s\000r\000c\000/\000m\000a\000i\000n\000/\000j\000a\000v\000a\000/\000c\000o\000m\000/\000l\000o\000g\000i\000s\000t\000i\000c\000s\000/\000s\000n\000o\000w\000a\000p\000i\000/\000s\000e\000r\000v\000i\000c\000e\000/\000B\000o\000u\000n\000d\000a\000r\000y\000S\000e\000r\000v\000i\000c\000e\000.\000j\000a\000v\000a\000\040\000F\000i\000l\000e\000\040\000R\000e\000f\000e\000r\000e\000n\000c\000e}{chapter.7}% 225
\BOOKMARK [1][-]{section.7.28}{\376\377\0007\000.\0002\0008\000\040\000s\000r\000c\000/\000m\000a\000i\000n\000/\000j\000a\000v\000a\000/\000c\000o\000m\000/\000l\000o\000g\000i\000s\000t\000i\000c\000s\000/\000s\000n\000o\000w\000a\000p\000i\000/\000s\000e\000r\000v\000i\000c\000e\000/\000N\000W\000S\000D\000a\000t\000a\000S\000e\000r\000v\000i\000c\000e\000.\000j\000a\000v\000a\000\040\000F\000i\000l\000e\000\040\000R\000e\000f\000e\000r\000e\000n\000c\000e}{chapter.7}% 226
\BOOKMARK [1][-]{section.7.29}{\376\377\0007\000.\0002\0009\000\040\000s\000r\000c\000/\000m\000a\000i\000n\000/\000j\000a\000v\000a\000/\000c\000o\000m\000/\000l\000o\000g\000i\000s\000t\000i\000c\000s\000/\000s\000n\000o\000w\000a\000p\000i\000/\000s\000e\000r\000v\000i\000c\000e\000/\000S\000n\000o\000w\000U\000s\000e\000r\000S\000e\000r\000v\000i\000c\000e\000.\000j\000a\000v\000a\000\040\000F\000i\000l\000e\000\040\000R\000e\000f\000e\000r\000e\000n\000c\000e}{chapter.7}% 227
\BOOKMARK [1][-]{section.7.30}{\376\377\0007\000.\0003\0000\000\040\000s\000r\000c\000/\000m\000a\000i\000n\000/\000j\000a\000v\000a\000/\000c\000o\000m\000/\000l\000o\000g\000i\000s\000t\000i\000c\000s\000/\000s\000n\000o\000w\000a\000p\000i\000/\000s\000e\000r\000v\000i\000c\000e\000/\000U\000g\000c\000Z\000o\000n\000e\000S\000c\000r\000a\000p\000e\000r\000.\000j\000a\000v\000a\000\040\000F\000i\000l\000e\000\040\000R\000e\000f\000e\000r\000e\000n\000c\000e}{chapter.7}% 228
\BOOKMARK [1][-]{section.7.31}{\376\377\0007\000.\0003\0001\000\040\000s\000r\000c\000/\000m\000a\000i\000n\000/\000j\000a\000v\000a\000/\000c\000o\000m\000/\000l\000o\000g\000i\000s\000t\000i\000c\000s\000/\000s\000n\000o\000w\000a\000p\000i\000/\000s\000e\000r\000v\000i\000c\000e\000/\000U\000g\000c\000Z\000o\000n\000e\000S\000e\000r\000v\000i\000c\000e\000.\000j\000a\000v\000a\000\040\000F\000i\000l\000e\000\040\000R\000e\000f\000e\000r\000e\000n\000c\000e}{chapter.7}% 229
\BOOKMARK [1][-]{section.7.32}{\376\377\0007\000.\0003\0002\000\040\000s\000r\000c\000/\000m\000a\000i\000n\000/\000j\000a\000v\000a\000/\000c\000o\000m\000/\000l\000o\000g\000i\000s\000t\000i\000c\000s\000/\000s\000n\000o\000w\000a\000p\000i\000/\000s\000e\000r\000v\000i\000c\000e\000/\000U\000s\000e\000r\000B\000o\000u\000n\000d\000a\000r\000y\000S\000e\000r\000v\000i\000c\000e\000.\000j\000a\000v\000a\000\040\000F\000i\000l\000e\000\040\000R\000e\000f\000e\000r\000e\000n\000c\000e}{chapter.7}% 230
\BOOKMARK [1][-]{section.7.33}{\376\377\0007\000.\0003\0003\000\040\000s\000r\000c\000/\000m\000a\000i\000n\000/\000j\000a\000v\000a\000/\000c\000o\000m\000/\000l\000o\000g\000i\000s\000t\000i\000c\000s\000/\000s\000n\000o\000w\000a\000p\000i\000/\000S\000e\000r\000v\000l\000e\000t\000I\000n\000i\000t\000i\000a\000l\000i\000z\000e\000r\000.\000j\000a\000v\000a\000\040\000F\000i\000l\000e\000\040\000R\000e\000f\000e\000r\000e\000n\000c\000e}{chapter.7}% 231
\BOOKMARK [1][-]{section.7.34}{\376\377\0007\000.\0003\0004\000\040\000s\000r\000c\000/\000m\000a\000i\000n\000/\000j\000a\000v\000a\000/\000c\000o\000m\000/\000l\000o\000g\000i\000s\000t\000i\000c\000s\000/\000s\000n\000o\000w\000a\000p\000i\000/\000S\000n\000o\000w\000A\000p\000i\000A\000p\000p\000l\000i\000c\000a\000t\000i\000o\000n\000.\000j\000a\000v\000a\000\040\000F\000i\000l\000e\000\040\000R\000e\000f\000e\000r\000e\000n\000c\000e}{chapter.7}% 232
\BOOKMARK [1][-]{section.7.35}{\376\377\0007\000.\0003\0005\000\040\000s\000r\000c\000/\000m\000a\000i\000n\000/\000j\000a\000v\000a\000/\000c\000o\000m\000/\000l\000o\000g\000i\000s\000t\000i\000c\000s\000/\000s\000n\000o\000w\000a\000p\000i\000/\000u\000g\000c\000z\000o\000n\000e\000r\000e\000s\000p\000o\000n\000s\000e\000/\000G\000e\000o\000m\000e\000t\000r\000y\000.\000j\000a\000v\000a\000\040\000F\000i\000l\000e\000\040\000R\000e\000f\000e\000r\000e\000n\000c\000e}{chapter.7}% 233
\BOOKMARK [1][-]{section.7.36}{\376\377\0007\000.\0003\0006\000\040\000s\000r\000c\000/\000m\000a\000i\000n\000/\000j\000a\000v\000a\000/\000c\000o\000m\000/\000l\000o\000g\000i\000s\000t\000i\000c\000s\000/\000s\000n\000o\000w\000a\000p\000i\000/\000u\000g\000c\000z\000o\000n\000e\000r\000e\000s\000p\000o\000n\000s\000e\000/\000M\000u\000l\000t\000i\000P\000o\000l\000y\000g\000o\000n\000.\000j\000a\000v\000a\000\040\000F\000i\000l\000e\000\040\000R\000e\000f\000e\000r\000e\000n\000c\000e}{chapter.7}% 234
\BOOKMARK [1][-]{section.7.37}{\376\377\0007\000.\0003\0007\000\040\000s\000r\000c\000/\000m\000a\000i\000n\000/\000j\000a\000v\000a\000/\000c\000o\000m\000/\000l\000o\000g\000i\000s\000t\000i\000c\000s\000/\000s\000n\000o\000w\000a\000p\000i\000/\000u\000g\000c\000z\000o\000n\000e\000r\000e\000s\000p\000o\000n\000s\000e\000/\000P\000o\000l\000y\000g\000o\000n\000.\000j\000a\000v\000a\000\040\000F\000i\000l\000e\000\040\000R\000e\000f\000e\000r\000e\000n\000c\000e}{chapter.7}% 235
\BOOKMARK [1][-]{section.7.38}{\376\377\0007\000.\0003\0008\000\040\000s\000r\000c\000/\000m\000a\000i\000n\000/\000j\000a\000v\000a\000/\000c\000o\000m\000/\000l\000o\000g\000i\000s\000t\000i\000c\000s\000/\000s\000n\000o\000w\000a\000p\000i\000/\000u\000g\000c\000z\000o\000n\000e\000r\000e\000s\000p\000o\000n\000s\000e\000/\000U\000g\000c\000Z\000o\000n\000e\000R\000e\000s\000p\000o\000n\000s\000e\000.\000j\000a\000v\000a\000\040\000F\000i\000l\000e\000\040\000R\000e\000f\000e\000r\000e\000n\000c\000e}{chapter.7}% 236
\BOOKMARK [1][-]{section.7.39}{\376\377\0007\000.\0003\0009\000\040\000s\000r\000c\000/\000t\000e\000s\000t\000/\000j\000a\000v\000a\000/\000c\000o\000m\000/\000l\000o\000g\000i\000s\000t\000i\000c\000s\000/\000s\000n\000o\000w\000a\000p\000i\000/\000s\000e\000r\000v\000i\000c\000e\000/\000A\000l\000e\000r\000t\000S\000e\000r\000v\000i\000c\000e\000T\000e\000s\000t\000.\000j\000a\000v\000a\000\040\000F\000i\000l\000e\000\040\000R\000e\000f\000e\000r\000e\000n\000c\000e}{chapter.7}% 237
\BOOKMARK [1][-]{section.7.40}{\376\377\0007\000.\0004\0000\000\040\000s\000r\000c\000/\000t\000e\000s\000t\000/\000j\000a\000v\000a\000/\000c\000o\000m\000/\000l\000o\000g\000i\000s\000t\000i\000c\000s\000/\000s\000n\000o\000w\000a\000p\000i\000/\000s\000e\000r\000v\000i\000c\000e\000/\000B\000o\000u\000n\000d\000a\000r\000y\000S\000e\000r\000v\000i\000c\000e\000T\000e\000s\000t\000.\000j\000a\000v\000a\000\040\000F\000i\000l\000e\000\040\000R\000e\000f\000e\000r\000e\000n\000c\000e}{chapter.7}% 238
\BOOKMARK [1][-]{section.7.41}{\376\377\0007\000.\0004\0001\000\040\000s\000r\000c\000/\000t\000e\000s\000t\000/\000j\000a\000v\000a\000/\000c\000o\000m\000/\000l\000o\000g\000i\000s\000t\000i\000c\000s\000/\000s\000n\000o\000w\000a\000p\000i\000/\000s\000e\000r\000v\000i\000c\000e\000/\000S\000n\000o\000w\000U\000s\000e\000r\000S\000e\000r\000v\000i\000c\000e\000T\000e\000s\000t\000.\000j\000a\000v\000a\000\040\000F\000i\000l\000e\000\040\000R\000e\000f\000e\000r\000e\000n\000c\000e}{chapter.7}% 239
\BOOKMARK [1][-]{section.7.42}{\376\377\0007\000.\0004\0002\000\040\000s\000r\000c\000/\000t\000e\000s\000t\000/\000j\000a\000v\000a\000/\000c\000o\000m\000/\000l\000o\000g\000i\000s\000t\000i\000c\000s\000/\000s\000n\000o\000w\000a\000p\000i\000/\000s\000e\000r\000v\000i\000c\000e\000/\000U\000g\000c\000Z\000o\000n\000e\000S\000e\000r\000v\000i\000c\000e\000T\000e\000s\000t\000.\000j\000a\000v\000a\000\040\000F\000i\000l\000e\000\040\000R\000e\000f\000e\000r\000e\000n\000c\000e}{chapter.7}% 240
\BOOKMARK [1][-]{section.7.43}{\376\377\0007\000.\0004\0003\000\040\000s\000r\000c\000/\000t\000e\000s\000t\000/\000j\000a\000v\000a\000/\000c\000o\000m\000/\000l\000o\000g\000i\000s\000t\000i\000c\000s\000/\000s\000n\000o\000w\000a\000p\000i\000/\000s\000e\000r\000v\000i\000c\000e\000/\000U\000s\000e\000r\000B\000o\000u\000n\000d\000a\000r\000y\000S\000e\000r\000v\000i\000c\000e\000T\000e\000s\000t\000.\000j\000a\000v\000a\000\040\000F\000i\000l\000e\000\040\000R\000e\000f\000e\000r\000e\000n\000c\000e}{chapter.7}% 241
\BOOKMARK [1][-]{section.7.44}{\376\377\0007\000.\0004\0004\000\040\000s\000r\000c\000/\000t\000e\000s\000t\000/\000j\000a\000v\000a\000/\000c\000o\000m\000/\000l\000o\000g\000i\000s\000t\000i\000c\000s\000/\000s\000n\000o\000w\000a\000p\000i\000/\000S\000n\000o\000w\000A\000p\000i\000A\000p\000p\000l\000i\000c\000a\000t\000i\000o\000n\000T\000e\000s\000t\000s\000.\000j\000a\000v\000a\000\040\000F\000i\000l\000e\000\040\000R\000e\000f\000e\000r\000e\000n\000c\000e}{chapter.7}% 242
\BOOKMARK [0][-]{section*.108}{\376\377\000I\000n\000d\000e\000x}{}% 243
